{"C:\\codeitproject\\sprint-mission\\part3-장현태-sprint9\\src\\app.ts": {"path":"C:\\codeitproject\\sprint-mission\\part3-장현태-sprint9\\src\\app.ts","statementMap":{"0":{"start":{"line":1,"column":0},"end":{"line":1,"column":30}},"1":{"start":{"line":2,"column":0},"end":{"line":2,"column":33}},"2":{"start":{"line":3,"column":0},"end":{"line":3,"column":52}},"3":{"start":{"line":4,"column":0},"end":{"line":4,"column":52}},"4":{"start":{"line":5,"column":0},"end":{"line":5,"column":52}},"5":{"start":{"line":6,"column":0},"end":{"line":6,"column":46}},"6":{"start":{"line":7,"column":0},"end":{"line":7,"column":62}},"7":{"start":{"line":8,"column":0},"end":{"line":8,"column":57}},"8":{"start":{"line":9,"column":0},"end":{"line":9,"column":41}},"9":{"start":{"line":11,"column":0},"end":{"line":11,"column":16}},"10":{"start":{"line":12,"column":12},"end":{"line":12,"column":21}},"11":{"start":{"line":14,"column":0},"end":{"line":14,"column":24}},"12":{"start":{"line":15,"column":0},"end":{"line":15,"column":24}},"13":{"start":{"line":16,"column":0},"end":{"line":16,"column":34}},"14":{"start":{"line":18,"column":0},"end":{"line":18,"column":36}},"15":{"start":{"line":19,"column":0},"end":{"line":19,"column":36}},"16":{"start":{"line":20,"column":0},"end":{"line":20,"column":36}},"17":{"start":{"line":21,"column":0},"end":{"line":21,"column":30}},"18":{"start":{"line":22,"column":0},"end":{"line":22,"column":46}},"19":{"start":{"line":24,"column":0},"end":{"line":24,"column":22}},"20":{"start":{"line":26,"column":0},"end":{"line":26,"column":19}}},"fnMap":{},"branchMap":{},"s":{"0":3,"1":3,"2":3,"3":3,"4":3,"5":3,"6":3,"7":3,"8":3,"9":3,"10":3,"11":3,"12":3,"13":3,"14":3,"15":3,"16":3,"17":3,"18":3,"19":3,"20":3},"f":{},"b":{}}
,"C:\\codeitproject\\sprint-mission\\part3-장현태-sprint9\\src\\config\\prisma.ts": {"path":"C:\\codeitproject\\sprint-mission\\part3-장현태-sprint9\\src\\config\\prisma.ts","statementMap":{"0":{"start":{"line":1,"column":0},"end":{"line":1,"column":46}},"1":{"start":{"line":3,"column":15},"end":{"line":3,"column":33}},"2":{"start":{"line":5,"column":0},"end":{"line":5,"column":22}}},"fnMap":{},"branchMap":{},"s":{"0":4,"1":4,"2":4},"f":{},"b":{}}
,"C:\\codeitproject\\sprint-mission\\part3-장현태-sprint9\\src\\config\\requestValidation.ts": {"path":"C:\\codeitproject\\sprint-mission\\part3-장현태-sprint9\\src\\config\\requestValidation.ts","statementMap":{"0":{"start":{"line":1,"column":0},"end":{"line":1,"column":33}},"1":{"start":{"line":3,"column":13},"end":{"line":6,"column":3}},"2":{"start":{"line":8,"column":13},"end":{"line":13,"column":3}}},"fnMap":{},"branchMap":{},"s":{"0":3,"1":3,"2":3},"f":{},"b":{}}
,"C:\\codeitproject\\sprint-mission\\part3-장현태-sprint9\\src\\controllers\\articleController.ts": {"path":"C:\\codeitproject\\sprint-mission\\part3-장현태-sprint9\\src\\controllers\\articleController.ts","statementMap":{"0":{"start":{"line":1,"column":0},"end":{"line":1,"column":null}},"1":{"start":{"line":10,"column":0},"end":{"line":10,"column":37}},"2":{"start":{"line":11,"column":0},"end":{"line":11,"column":83}},"3":{"start":{"line":14,"column":46},"end":{"line":23,"column":2}},"4":{"start":{"line":15,"column":16},"end":{"line":20,"column":4}},"5":{"start":{"line":21,"column":19},"end":{"line":21,"column":45}},"6":{"start":{"line":22,"column":2},"end":{"line":22,"column":28}},"7":{"start":{"line":14,"column":13},"end":{"line":14,"column":46}},"8":{"start":{"line":25,"column":42},"end":{"line":28,"column":2}},"9":{"start":{"line":26,"column":18},"end":{"line":26,"column":53}},"10":{"start":{"line":27,"column":2},"end":{"line":27,"column":27}},"11":{"start":{"line":25,"column":13},"end":{"line":25,"column":42}},"12":{"start":{"line":30,"column":43},"end":{"line":34,"column":2}},"13":{"start":{"line":31,"column":2},"end":{"line":31,"column":40}},"14":{"start":{"line":32,"column":21},"end":{"line":32,"column":71}},"15":{"start":{"line":33,"column":2},"end":{"line":33,"column":42}},"16":{"start":{"line":30,"column":13},"end":{"line":30,"column":43}},"17":{"start":{"line":36,"column":44},"end":{"line":39,"column":2}},"18":{"start":{"line":37,"column":25},"end":{"line":37,"column":73}},"19":{"start":{"line":38,"column":2},"end":{"line":38,"column":34}},"20":{"start":{"line":36,"column":13},"end":{"line":36,"column":44}},"21":{"start":{"line":41,"column":45},"end":{"line":44,"column":2}},"22":{"start":{"line":42,"column":2},"end":{"line":42,"column":41}},"23":{"start":{"line":43,"column":2},"end":{"line":43,"column":31}},"24":{"start":{"line":41,"column":13},"end":{"line":41,"column":45}},"25":{"start":{"line":46,"column":47},"end":{"line":49,"column":2}},"26":{"start":{"line":47,"column":2},"end":{"line":47,"column":56}},"27":{"start":{"line":48,"column":2},"end":{"line":48,"column":43}},"28":{"start":{"line":46,"column":13},"end":{"line":46,"column":47}},"29":{"start":{"line":51,"column":49},"end":{"line":58,"column":2}},"30":{"start":{"line":56,"column":2},"end":{"line":56,"column":59}},"31":{"start":{"line":57,"column":2},"end":{"line":57,"column":31}},"32":{"start":{"line":51,"column":13},"end":{"line":51,"column":49}}},"fnMap":{"0":{"name":"(anonymous_7)","decl":{"start":{"line":14,"column":46},"end":{"line":14,"column":62}},"loc":{"start":{"line":14,"column":76},"end":{"line":23,"column":2}}},"1":{"name":"(anonymous_9)","decl":{"start":{"line":25,"column":42},"end":{"line":25,"column":58}},"loc":{"start":{"line":25,"column":72},"end":{"line":28,"column":2}}},"2":{"name":"(anonymous_11)","decl":{"start":{"line":30,"column":43},"end":{"line":30,"column":59}},"loc":{"start":{"line":30,"column":73},"end":{"line":34,"column":2}}},"3":{"name":"(anonymous_13)","decl":{"start":{"line":36,"column":44},"end":{"line":36,"column":60}},"loc":{"start":{"line":36,"column":74},"end":{"line":39,"column":2}}},"4":{"name":"(anonymous_15)","decl":{"start":{"line":41,"column":45},"end":{"line":41,"column":61}},"loc":{"start":{"line":41,"column":75},"end":{"line":44,"column":2}}},"5":{"name":"(anonymous_17)","decl":{"start":{"line":46,"column":47},"end":{"line":46,"column":63}},"loc":{"start":{"line":46,"column":77},"end":{"line":49,"column":2}}},"6":{"name":"(anonymous_19)","decl":{"start":{"line":51,"column":49},"end":{"line":51,"column":null}},"loc":{"start":{"line":54,"column":6},"end":{"line":58,"column":2}}}},"branchMap":{"0":{"loc":{"start":{"line":16,"column":12},"end":{"line":16,"column":59}},"type":"cond-expr","locations":[{"start":{"line":16,"column":52},"end":{"line":16,"column":56}},{"start":{"line":16,"column":56},"end":{"line":16,"column":59}}]},"1":{"loc":{"start":{"line":16,"column":12},"end":{"line":16,"column":56}},"type":"binary-expr","locations":[{"start":{"line":16,"column":12},"end":{"line":16,"column":56}},{"start":{"line":16,"column":52},"end":{"line":16,"column":56}}]},"2":{"loc":{"start":{"line":17,"column":11},"end":{"line":17,"column":58}},"type":"cond-expr","locations":[{"start":{"line":17,"column":50},"end":{"line":17,"column":54}},{"start":{"line":17,"column":54},"end":{"line":17,"column":58}}]},"3":{"loc":{"start":{"line":17,"column":11},"end":{"line":17,"column":54}},"type":"binary-expr","locations":[{"start":{"line":17,"column":11},"end":{"line":17,"column":54}},{"start":{"line":17,"column":50},"end":{"line":17,"column":54}}]},"4":{"loc":{"start":{"line":18,"column":11},"end":{"line":18,"column":62}},"type":"cond-expr","locations":[{"start":{"line":18,"column":50},"end":{"line":18,"column":54}},{"start":{"line":18,"column":54},"end":{"line":18,"column":62}}]},"5":{"loc":{"start":{"line":18,"column":11},"end":{"line":18,"column":54}},"type":"binary-expr","locations":[{"start":{"line":18,"column":11},"end":{"line":18,"column":54}},{"start":{"line":18,"column":50},"end":{"line":18,"column":54}}]},"6":{"loc":{"start":{"line":19,"column":12},"end":{"line":19,"column":58}},"type":"cond-expr","locations":[{"start":{"line":19,"column":52},"end":{"line":19,"column":56}},{"start":{"line":19,"column":56},"end":{"line":19,"column":58}}]},"7":{"loc":{"start":{"line":19,"column":12},"end":{"line":19,"column":56}},"type":"binary-expr","locations":[{"start":{"line":19,"column":12},"end":{"line":19,"column":56}},{"start":{"line":19,"column":52},"end":{"line":19,"column":56}}]}},"s":{"0":3,"1":3,"2":3,"3":3,"4":5,"5":5,"6":5,"7":3,"8":3,"9":1,"10":1,"11":3,"12":3,"13":1,"14":1,"15":1,"16":3,"17":3,"18":1,"19":1,"20":3,"21":3,"22":1,"23":1,"24":3,"25":3,"26":0,"27":0,"28":3,"29":3,"30":0,"31":0,"32":3},"f":{"0":5,"1":1,"2":1,"3":1,"4":1,"5":0,"6":0},"b":{"0":[1,4],"1":[5,5],"2":[2,3],"3":[5,5],"4":[2,3],"5":[5,5],"6":[1,4],"7":[5,5]}}
,"C:\\codeitproject\\sprint-mission\\part3-장현태-sprint9\\src\\controllers\\commentController.ts": {"path":"C:\\codeitproject\\sprint-mission\\part3-장현태-sprint9\\src\\controllers\\commentController.ts","statementMap":{"0":{"start":{"line":1,"column":0},"end":{"line":1,"column":null}},"1":{"start":{"line":10,"column":46},"end":{"line":13,"column":2}},"2":{"start":{"line":11,"column":19},"end":{"line":11,"column":40}},"3":{"start":{"line":12,"column":2},"end":{"line":12,"column":28}},"4":{"start":{"line":10,"column":13},"end":{"line":10,"column":46}},"5":{"start":{"line":15,"column":50},"end":{"line":26,"column":2}},"6":{"start":{"line":20,"column":19},"end":{"line":20,"column":63}},"7":{"start":{"line":21,"column":18},"end":{"line":23,"column":null}},"8":{"start":{"line":25,"column":2},"end":{"line":25,"column":27}},"9":{"start":{"line":15,"column":13},"end":{"line":15,"column":50}},"10":{"start":{"line":28,"column":50},"end":{"line":36,"column":2}},"11":{"start":{"line":33,"column":19},"end":{"line":33,"column":63}},"12":{"start":{"line":34,"column":18},"end":{"line":34,"column":74}},"13":{"start":{"line":35,"column":2},"end":{"line":35,"column":27}},"14":{"start":{"line":28,"column":13},"end":{"line":28,"column":50}},"15":{"start":{"line":38,"column":44},"end":{"line":41,"column":2}},"16":{"start":{"line":39,"column":25},"end":{"line":39,"column":73}},"17":{"start":{"line":40,"column":2},"end":{"line":40,"column":34}},"18":{"start":{"line":38,"column":13},"end":{"line":38,"column":44}},"19":{"start":{"line":43,"column":45},"end":{"line":46,"column":2}},"20":{"start":{"line":44,"column":2},"end":{"line":44,"column":41}},"21":{"start":{"line":45,"column":2},"end":{"line":45,"column":31}},"22":{"start":{"line":43,"column":13},"end":{"line":43,"column":45}}},"fnMap":{"0":{"name":"(anonymous_7)","decl":{"start":{"line":10,"column":46},"end":{"line":10,"column":62}},"loc":{"start":{"line":10,"column":76},"end":{"line":13,"column":2}}},"1":{"name":"(anonymous_9)","decl":{"start":{"line":15,"column":50},"end":{"line":15,"column":null}},"loc":{"start":{"line":18,"column":6},"end":{"line":26,"column":2}}},"2":{"name":"(anonymous_11)","decl":{"start":{"line":28,"column":50},"end":{"line":28,"column":null}},"loc":{"start":{"line":31,"column":6},"end":{"line":36,"column":2}}},"3":{"name":"(anonymous_13)","decl":{"start":{"line":38,"column":44},"end":{"line":38,"column":60}},"loc":{"start":{"line":38,"column":74},"end":{"line":41,"column":2}}},"4":{"name":"(anonymous_15)","decl":{"start":{"line":43,"column":45},"end":{"line":43,"column":61}},"loc":{"start":{"line":43,"column":75},"end":{"line":46,"column":2}}}},"branchMap":{},"s":{"0":3,"1":3,"2":0,"3":0,"4":3,"5":3,"6":0,"7":0,"8":0,"9":3,"10":3,"11":0,"12":0,"13":0,"14":3,"15":3,"16":0,"17":0,"18":3,"19":3,"20":0,"21":0,"22":3},"f":{"0":0,"1":0,"2":0,"3":0,"4":0},"b":{}}
,"C:\\codeitproject\\sprint-mission\\part3-장현태-sprint9\\src\\controllers\\notificationController.ts": {"path":"C:\\codeitproject\\sprint-mission\\part3-장현태-sprint9\\src\\controllers\\notificationController.ts","statementMap":{"0":{"start":{"line":2,"column":0},"end":{"line":2,"column":null}},"1":{"start":{"line":8,"column":48},"end":{"line":15,"column":2}},"2":{"start":{"line":13,"column":24},"end":{"line":13,"column":75}},"3":{"start":{"line":14,"column":2},"end":{"line":14,"column":33}},"4":{"start":{"line":8,"column":13},"end":{"line":8,"column":48}},"5":{"start":{"line":17,"column":58},"end":{"line":24,"column":2}},"6":{"start":{"line":22,"column":16},"end":{"line":22,"column":73}},"7":{"start":{"line":23,"column":2},"end":{"line":23,"column":25}},"8":{"start":{"line":17,"column":13},"end":{"line":17,"column":58}},"9":{"start":{"line":25,"column":54},"end":{"line":33,"column":2}},"10":{"start":{"line":30,"column":17},"end":{"line":30,"column":27}},"11":{"start":{"line":31,"column":2},"end":{"line":31,"column":49}},"12":{"start":{"line":32,"column":2},"end":{"line":32,"column":31}},"13":{"start":{"line":25,"column":13},"end":{"line":25,"column":54}}},"fnMap":{"0":{"name":"(anonymous_7)","decl":{"start":{"line":8,"column":48},"end":{"line":8,"column":null}},"loc":{"start":{"line":11,"column":6},"end":{"line":15,"column":2}}},"1":{"name":"(anonymous_9)","decl":{"start":{"line":17,"column":58},"end":{"line":17,"column":null}},"loc":{"start":{"line":20,"column":6},"end":{"line":24,"column":2}}},"2":{"name":"(anonymous_11)","decl":{"start":{"line":25,"column":54},"end":{"line":25,"column":null}},"loc":{"start":{"line":28,"column":6},"end":{"line":33,"column":2}}}},"branchMap":{},"s":{"0":3,"1":3,"2":0,"3":0,"4":3,"5":3,"6":0,"7":0,"8":3,"9":3,"10":0,"11":0,"12":0,"13":3},"f":{"0":0,"1":0,"2":0},"b":{}}
,"C:\\codeitproject\\sprint-mission\\part3-장현태-sprint9\\src\\controllers\\productController.ts": {"path":"C:\\codeitproject\\sprint-mission\\part3-장현태-sprint9\\src\\controllers\\productController.ts","statementMap":{"0":{"start":{"line":1,"column":0},"end":{"line":1,"column":null}},"1":{"start":{"line":12,"column":0},"end":{"line":12,"column":37}},"2":{"start":{"line":13,"column":0},"end":{"line":13,"column":83}},"3":{"start":{"line":16,"column":46},"end":{"line":25,"column":2}},"4":{"start":{"line":17,"column":16},"end":{"line":22,"column":4}},"5":{"start":{"line":23,"column":19},"end":{"line":23,"column":45}},"6":{"start":{"line":24,"column":2},"end":{"line":24,"column":28}},"7":{"start":{"line":16,"column":13},"end":{"line":16,"column":46}},"8":{"start":{"line":27,"column":42},"end":{"line":32,"column":2}},"9":{"start":{"line":28,"column":17},"end":{"line":28,"column":27}},"10":{"start":{"line":29,"column":18},"end":{"line":29,"column":42}},"11":{"start":{"line":30,"column":18},"end":{"line":30,"column":64}},"12":{"start":{"line":31,"column":2},"end":{"line":31,"column":52}},"13":{"start":{"line":27,"column":13},"end":{"line":27,"column":42}},"14":{"start":{"line":34,"column":43},"end":{"line":42,"column":2}},"15":{"start":{"line":35,"column":2},"end":{"line":35,"column":40}},"16":{"start":{"line":37,"column":18},"end":{"line":39,"column":null}},"17":{"start":{"line":41,"column":2},"end":{"line":41,"column":39}},"18":{"start":{"line":34,"column":13},"end":{"line":34,"column":43}},"19":{"start":{"line":44,"column":44},"end":{"line":48,"column":2}},"20":{"start":{"line":45,"column":17},"end":{"line":45,"column":27}},"21":{"start":{"line":46,"column":25},"end":{"line":46,"column":62}},"22":{"start":{"line":47,"column":2},"end":{"line":47,"column":34}},"23":{"start":{"line":44,"column":13},"end":{"line":44,"column":44}},"24":{"start":{"line":50,"column":45},"end":{"line":54,"column":2}},"25":{"start":{"line":51,"column":17},"end":{"line":51,"column":27}},"26":{"start":{"line":52,"column":2},"end":{"line":52,"column":30}},"27":{"start":{"line":53,"column":2},"end":{"line":53,"column":31}},"28":{"start":{"line":50,"column":13},"end":{"line":50,"column":45}},"29":{"start":{"line":56,"column":47},"end":{"line":59,"column":2}},"30":{"start":{"line":57,"column":2},"end":{"line":57,"column":56}},"31":{"start":{"line":58,"column":2},"end":{"line":58,"column":43}},"32":{"start":{"line":56,"column":13},"end":{"line":56,"column":47}},"33":{"start":{"line":61,"column":49},"end":{"line":68,"column":2}},"34":{"start":{"line":66,"column":2},"end":{"line":66,"column":59}},"35":{"start":{"line":67,"column":2},"end":{"line":67,"column":31}},"36":{"start":{"line":61,"column":13},"end":{"line":61,"column":49}},"37":{"start":{"line":70,"column":46},"end":{"line":73,"column":2}},"38":{"start":{"line":70,"column":71},"end":{"line":73,"column":2}},"39":{"start":{"line":71,"column":19},"end":{"line":71,"column":62}},"40":{"start":{"line":72,"column":2},"end":{"line":72,"column":28}},"41":{"start":{"line":70,"column":13},"end":{"line":70,"column":46}}},"fnMap":{"0":{"name":"(anonymous_7)","decl":{"start":{"line":16,"column":46},"end":{"line":16,"column":62}},"loc":{"start":{"line":16,"column":76},"end":{"line":25,"column":2}}},"1":{"name":"(anonymous_9)","decl":{"start":{"line":27,"column":42},"end":{"line":27,"column":58}},"loc":{"start":{"line":27,"column":72},"end":{"line":32,"column":2}}},"2":{"name":"(anonymous_11)","decl":{"start":{"line":34,"column":43},"end":{"line":34,"column":59}},"loc":{"start":{"line":34,"column":73},"end":{"line":42,"column":2}}},"3":{"name":"(anonymous_13)","decl":{"start":{"line":44,"column":44},"end":{"line":44,"column":60}},"loc":{"start":{"line":44,"column":74},"end":{"line":48,"column":2}}},"4":{"name":"(anonymous_15)","decl":{"start":{"line":50,"column":45},"end":{"line":50,"column":61}},"loc":{"start":{"line":50,"column":75},"end":{"line":54,"column":2}}},"5":{"name":"(anonymous_17)","decl":{"start":{"line":56,"column":47},"end":{"line":56,"column":63}},"loc":{"start":{"line":56,"column":77},"end":{"line":59,"column":2}}},"6":{"name":"(anonymous_19)","decl":{"start":{"line":61,"column":49},"end":{"line":61,"column":null}},"loc":{"start":{"line":64,"column":6},"end":{"line":68,"column":2}}},"7":{"name":"(anonymous_21)","decl":{"start":{"line":70,"column":46},"end":{"line":70,"column":53}},"loc":{"start":{"line":70,"column":71},"end":{"line":73,"column":2}}},"8":{"name":"(anonymous_22)","decl":{"start":{"line":70,"column":71},"end":{"line":70,"column":null}},"loc":{"start":{"line":70,"column":71},"end":{"line":73,"column":1}}}},"branchMap":{"0":{"loc":{"start":{"line":18,"column":12},"end":{"line":18,"column":59}},"type":"cond-expr","locations":[{"start":{"line":18,"column":52},"end":{"line":18,"column":56}},{"start":{"line":18,"column":56},"end":{"line":18,"column":59}}]},"1":{"loc":{"start":{"line":18,"column":12},"end":{"line":18,"column":56}},"type":"binary-expr","locations":[{"start":{"line":18,"column":12},"end":{"line":18,"column":56}},{"start":{"line":18,"column":52},"end":{"line":18,"column":56}}]},"2":{"loc":{"start":{"line":19,"column":11},"end":{"line":19,"column":58}},"type":"cond-expr","locations":[{"start":{"line":19,"column":50},"end":{"line":19,"column":54}},{"start":{"line":19,"column":54},"end":{"line":19,"column":58}}]},"3":{"loc":{"start":{"line":19,"column":11},"end":{"line":19,"column":54}},"type":"binary-expr","locations":[{"start":{"line":19,"column":11},"end":{"line":19,"column":54}},{"start":{"line":19,"column":50},"end":{"line":19,"column":54}}]},"4":{"loc":{"start":{"line":20,"column":11},"end":{"line":20,"column":62}},"type":"cond-expr","locations":[{"start":{"line":20,"column":50},"end":{"line":20,"column":54}},{"start":{"line":20,"column":54},"end":{"line":20,"column":62}}]},"5":{"loc":{"start":{"line":20,"column":11},"end":{"line":20,"column":54}},"type":"binary-expr","locations":[{"start":{"line":20,"column":11},"end":{"line":20,"column":54}},{"start":{"line":20,"column":50},"end":{"line":20,"column":54}}]},"6":{"loc":{"start":{"line":21,"column":12},"end":{"line":21,"column":58}},"type":"cond-expr","locations":[{"start":{"line":21,"column":52},"end":{"line":21,"column":56}},{"start":{"line":21,"column":56},"end":{"line":21,"column":58}}]},"7":{"loc":{"start":{"line":21,"column":12},"end":{"line":21,"column":56}},"type":"binary-expr","locations":[{"start":{"line":21,"column":12},"end":{"line":21,"column":56}},{"start":{"line":21,"column":52},"end":{"line":21,"column":56}}]}},"s":{"0":3,"1":3,"2":3,"3":3,"4":6,"5":6,"6":6,"7":3,"8":3,"9":0,"10":0,"11":0,"12":0,"13":3,"14":3,"15":1,"16":1,"17":1,"18":3,"19":3,"20":1,"21":1,"22":1,"23":3,"24":3,"25":1,"26":1,"27":1,"28":3,"29":3,"30":0,"31":0,"32":3,"33":3,"34":0,"35":0,"36":3,"37":3,"38":0,"39":0,"40":0,"41":3},"f":{"0":6,"1":0,"2":1,"3":1,"4":1,"5":0,"6":0,"7":0,"8":0},"b":{"0":[1,5],"1":[6,6],"2":[2,4],"3":[6,6],"4":[3,3],"5":[6,6],"6":[1,5],"7":[6,6]}}
,"C:\\codeitproject\\sprint-mission\\part3-장현태-sprint9\\src\\controllers\\userController.ts": {"path":"C:\\codeitproject\\sprint-mission\\part3-장현태-sprint9\\src\\controllers\\userController.ts","statementMap":{"0":{"start":{"line":1,"column":0},"end":{"line":1,"column":null}},"1":{"start":{"line":13,"column":39},"end":{"line":16,"column":2}},"2":{"start":{"line":13,"column":64},"end":{"line":16,"column":2}},"3":{"start":{"line":14,"column":16},"end":{"line":14,"column":49}},"4":{"start":{"line":15,"column":2},"end":{"line":15,"column":25}},"5":{"start":{"line":13,"column":13},"end":{"line":13,"column":39}},"6":{"start":{"line":18,"column":41},"end":{"line":35,"column":2}},"7":{"start":{"line":18,"column":66},"end":{"line":35,"column":2}},"8":{"start":{"line":19,"column":15},"end":{"line":19,"column":73}},"9":{"start":{"line":21,"column":2},"end":{"line":23,"column":3}},"10":{"start":{"line":22,"column":4},"end":{"line":22,"column":74}},"11":{"start":{"line":25,"column":22},"end":{"line":25,"column":39}},"12":{"start":{"line":26,"column":23},"end":{"line":26,"column":51}},"13":{"start":{"line":27,"column":2},"end":{"line":27,"column":58}},"14":{"start":{"line":28,"column":2},"end":{"line":33,"column":5}},"15":{"start":{"line":34,"column":2},"end":{"line":34,"column":35}},"16":{"start":{"line":18,"column":13},"end":{"line":18,"column":41}},"17":{"start":{"line":37,"column":40},"end":{"line":41,"column":2}},"18":{"start":{"line":37,"column":65},"end":{"line":41,"column":2}},"19":{"start":{"line":38,"column":40},"end":{"line":38,"column":48}},"20":{"start":{"line":39,"column":18},"end":{"line":39,"column":64}},"21":{"start":{"line":40,"column":2},"end":{"line":40,"column":27}},"22":{"start":{"line":37,"column":13},"end":{"line":37,"column":40}},"23":{"start":{"line":43,"column":41},"end":{"line":46,"column":2}},"24":{"start":{"line":43,"column":66},"end":{"line":46,"column":2}},"25":{"start":{"line":44,"column":22},"end":{"line":44,"column":78}},"26":{"start":{"line":45,"column":2},"end":{"line":45,"column":31}},"27":{"start":{"line":43,"column":13},"end":{"line":43,"column":41}},"28":{"start":{"line":48,"column":49},"end":{"line":54,"column":2}},"29":{"start":{"line":48,"column":74},"end":{"line":54,"column":2}},"30":{"start":{"line":49,"column":22},"end":{"line":51,"column":null}},"31":{"start":{"line":53,"column":2},"end":{"line":53,"column":31}},"32":{"start":{"line":48,"column":13},"end":{"line":48,"column":49}},"33":{"start":{"line":56,"column":54},"end":{"line":66,"column":2}},"34":{"start":{"line":60,"column":4},"end":{"line":66,"column":2}},"35":{"start":{"line":61,"column":22},"end":{"line":63,"column":null}},"36":{"start":{"line":65,"column":2},"end":{"line":65,"column":35}},"37":{"start":{"line":56,"column":13},"end":{"line":56,"column":54}},"38":{"start":{"line":68,"column":47},"end":{"line":71,"column":2}},"39":{"start":{"line":68,"column":72},"end":{"line":71,"column":2}},"40":{"start":{"line":69,"column":19},"end":{"line":69,"column":60}},"41":{"start":{"line":70,"column":2},"end":{"line":70,"column":28}},"42":{"start":{"line":68,"column":13},"end":{"line":68,"column":47}}},"fnMap":{"0":{"name":"(anonymous_7)","decl":{"start":{"line":13,"column":39},"end":{"line":13,"column":46}},"loc":{"start":{"line":13,"column":64},"end":{"line":16,"column":2}}},"1":{"name":"(anonymous_8)","decl":{"start":{"line":13,"column":64},"end":{"line":13,"column":null}},"loc":{"start":{"line":13,"column":64},"end":{"line":16,"column":1}}},"2":{"name":"(anonymous_9)","decl":{"start":{"line":18,"column":41},"end":{"line":18,"column":48}},"loc":{"start":{"line":18,"column":66},"end":{"line":35,"column":2}}},"3":{"name":"(anonymous_10)","decl":{"start":{"line":18,"column":66},"end":{"line":18,"column":null}},"loc":{"start":{"line":18,"column":66},"end":{"line":35,"column":1}}},"4":{"name":"(anonymous_11)","decl":{"start":{"line":37,"column":40},"end":{"line":37,"column":47}},"loc":{"start":{"line":37,"column":65},"end":{"line":41,"column":2}}},"5":{"name":"(anonymous_12)","decl":{"start":{"line":37,"column":65},"end":{"line":37,"column":null}},"loc":{"start":{"line":37,"column":65},"end":{"line":41,"column":1}}},"6":{"name":"(anonymous_13)","decl":{"start":{"line":43,"column":41},"end":{"line":43,"column":48}},"loc":{"start":{"line":43,"column":66},"end":{"line":46,"column":2}}},"7":{"name":"(anonymous_14)","decl":{"start":{"line":43,"column":66},"end":{"line":43,"column":null}},"loc":{"start":{"line":43,"column":66},"end":{"line":46,"column":1}}},"8":{"name":"(anonymous_15)","decl":{"start":{"line":48,"column":49},"end":{"line":48,"column":56}},"loc":{"start":{"line":48,"column":74},"end":{"line":54,"column":2}}},"9":{"name":"(anonymous_16)","decl":{"start":{"line":48,"column":74},"end":{"line":48,"column":null}},"loc":{"start":{"line":48,"column":74},"end":{"line":54,"column":1}}},"10":{"name":"(anonymous_17)","decl":{"start":{"line":56,"column":54},"end":{"line":56,"column":null}},"loc":{"start":{"line":60,"column":4},"end":{"line":66,"column":2}}},"11":{"name":"(anonymous_18)","decl":{"start":{"line":60,"column":4},"end":{"line":60,"column":null}},"loc":{"start":{"line":60,"column":4},"end":{"line":66,"column":1}}},"12":{"name":"(anonymous_19)","decl":{"start":{"line":68,"column":47},"end":{"line":68,"column":54}},"loc":{"start":{"line":68,"column":72},"end":{"line":71,"column":2}}},"13":{"name":"(anonymous_20)","decl":{"start":{"line":68,"column":72},"end":{"line":68,"column":null}},"loc":{"start":{"line":68,"column":72},"end":{"line":71,"column":1}}}},"branchMap":{"0":{"loc":{"start":{"line":21,"column":2},"end":{"line":23,"column":3}},"type":"if","locations":[{"start":{"line":21,"column":2},"end":{"line":23,"column":3}}]}},"s":{"0":3,"1":3,"2":0,"3":0,"4":0,"5":3,"6":3,"7":2,"8":2,"9":2,"10":0,"11":2,"12":2,"13":2,"14":2,"15":2,"16":3,"17":3,"18":2,"19":2,"20":2,"21":1,"22":3,"23":3,"24":0,"25":0,"26":0,"27":3,"28":3,"29":0,"30":0,"31":0,"32":3,"33":3,"34":0,"35":0,"36":0,"37":3,"38":3,"39":0,"40":0,"41":0,"42":3},"f":{"0":0,"1":0,"2":2,"3":2,"4":2,"5":2,"6":0,"7":0,"8":0,"9":0,"10":0,"11":0,"12":0,"13":0},"b":{"0":[0]}}
,"C:\\codeitproject\\sprint-mission\\part3-장현태-sprint9\\src\\middleware\\asyncHandler.ts": {"path":"C:\\codeitproject\\sprint-mission\\part3-장현태-sprint9\\src\\middleware\\asyncHandler.ts","statementMap":{"0":{"start":{"line":3,"column":0},"end":{"line":3,"column":16}},"1":{"start":{"line":10,"column":2},"end":{"line":16,"column":4}},"2":{"start":{"line":10,"column":67},"end":{"line":16,"column":4}},"3":{"start":{"line":11,"column":4},"end":{"line":15,"column":5}},"4":{"start":{"line":12,"column":6},"end":{"line":12,"column":36}},"5":{"start":{"line":14,"column":6},"end":{"line":14,"column":14}}},"fnMap":{"0":{"name":"asyncHandler","decl":{"start":{"line":3,"column":16},"end":{"line":3,"column":28}},"loc":{"start":{"line":8,"column":27},"end":{"line":17,"column":1}}},"1":{"name":"(anonymous_8)","decl":{"start":{"line":10,"column":9},"end":{"line":10,"column":16}},"loc":{"start":{"line":10,"column":67},"end":{"line":16,"column":4}}},"2":{"name":"(anonymous_9)","decl":{"start":{"line":10,"column":67},"end":{"line":10,"column":null}},"loc":{"start":{"line":10,"column":67},"end":{"line":16,"column":3}}}},"branchMap":{},"s":{"0":3,"1":90,"2":22,"3":22,"4":22,"5":1},"f":{"0":90,"1":22,"2":22},"b":{}}
,"C:\\codeitproject\\sprint-mission\\part3-장현태-sprint9\\src\\middleware\\errorHandler.ts": {"path":"C:\\codeitproject\\sprint-mission\\part3-장현태-sprint9\\src\\middleware\\errorHandler.ts","statementMap":{"0":{"start":{"line":3,"column":49},"end":{"line":21,"column":2}},"1":{"start":{"line":9,"column":2},"end":{"line":9,"column":31}},"2":{"start":{"line":10,"column":2},"end":{"line":10,"column":28}},"3":{"start":{"line":11,"column":2},"end":{"line":11,"column":26}},"4":{"start":{"line":12,"column":17},"end":{"line":12,"column":50}},"5":{"start":{"line":13,"column":2},"end":{"line":13,"column":21}},"6":{"start":{"line":14,"column":2},"end":{"line":20,"column":5}},"7":{"start":{"line":3,"column":13},"end":{"line":3,"column":49}}},"fnMap":{"0":{"name":"(anonymous_7)","decl":{"start":{"line":3,"column":49},"end":{"line":3,"column":null}},"loc":{"start":{"line":7,"column":6},"end":{"line":21,"column":2}}}},"branchMap":{"0":{"loc":{"start":{"line":12,"column":17},"end":{"line":12,"column":50}},"type":"cond-expr","locations":[{"start":{"line":12,"column":43},"end":{"line":12,"column":47}},{"start":{"line":12,"column":47},"end":{"line":12,"column":50}}]},"1":{"loc":{"start":{"line":12,"column":17},"end":{"line":12,"column":47}},"type":"binary-expr","locations":[{"start":{"line":12,"column":17},"end":{"line":12,"column":47}},{"start":{"line":12,"column":43},"end":{"line":12,"column":47}}]},"2":{"loc":{"start":{"line":12,"column":17},"end":{"line":12,"column":43}},"type":"cond-expr","locations":[{"start":{"line":12,"column":29},"end":{"line":12,"column":33}},{"start":{"line":12,"column":33},"end":{"line":12,"column":43}}]},"3":{"loc":{"start":{"line":12,"column":17},"end":{"line":12,"column":33}},"type":"binary-expr","locations":[{"start":{"line":12,"column":17},"end":{"line":12,"column":33}},{"start":{"line":12,"column":29},"end":{"line":12,"column":33}}]},"4":{"loc":{"start":{"line":17,"column":13},"end":{"line":17,"column":53}},"type":"cond-expr","locations":[{"start":{"line":17,"column":26},"end":{"line":17,"column":30}},{"start":{"line":17,"column":30},"end":{"line":17,"column":53}}]},"5":{"loc":{"start":{"line":17,"column":13},"end":{"line":17,"column":30}},"type":"binary-expr","locations":[{"start":{"line":17,"column":13},"end":{"line":17,"column":30}},{"start":{"line":17,"column":26},"end":{"line":17,"column":30}}]},"6":{"loc":{"start":{"line":18,"column":10},"end":{"line":18,"column":33}},"type":"cond-expr","locations":[{"start":{"line":18,"column":20},"end":{"line":18,"column":24}},{"start":{"line":18,"column":24},"end":{"line":18,"column":33}}]},"7":{"loc":{"start":{"line":18,"column":10},"end":{"line":18,"column":24}},"type":"binary-expr","locations":[{"start":{"line":18,"column":10},"end":{"line":18,"column":24}},{"start":{"line":18,"column":20},"end":{"line":18,"column":24}}]}},"s":{"0":3,"1":1,"2":1,"3":1,"4":1,"5":1,"6":1,"7":3},"f":{"0":1},"b":{"0":[0,1],"1":[1,1],"2":[0,1],"3":[1,1],"4":[1,0],"5":[1,1],"6":[0,1],"7":[1,1]}}
,"C:\\codeitproject\\sprint-mission\\part3-장현태-sprint9\\src\\middleware\\jwtAuth.ts": {"path":"C:\\codeitproject\\sprint-mission\\part3-장현태-sprint9\\src\\middleware\\jwtAuth.ts","statementMap":{"0":{"start":{"line":1,"column":0},"end":{"line":1,"column":41}},"1":{"start":{"line":2,"column":0},"end":{"line":2,"column":66}},"2":{"start":{"line":3,"column":0},"end":{"line":3,"column":66}},"3":{"start":{"line":4,"column":0},"end":{"line":4,"column":66}},"4":{"start":{"line":7,"column":18},"end":{"line":7,"column":40}},"5":{"start":{"line":9,"column":0},"end":{"line":11,"column":1}},"6":{"start":{"line":10,"column":2},"end":{"line":10,"column":68}},"7":{"start":{"line":13,"column":13},"end":{"line":17,"column":3}},"8":{"start":{"line":19,"column":13},"end":{"line":23,"column":3}},"9":{"start":{"line":22,"column":21},"end":{"line":22,"column":45}},"10":{"start":{"line":25,"column":51},"end":{"line":49,"column":2}},"11":{"start":{"line":30,"column":28},"end":{"line":30,"column":38}},"12":{"start":{"line":31,"column":17},"end":{"line":31,"column":33}},"13":{"start":{"line":32,"column":2},"end":{"line":48,"column":3}},"14":{"start":{"line":33,"column":20},"end":{"line":33,"column":62}},"15":{"start":{"line":35,"column":4},"end":{"line":38,"column":5}},"16":{"start":{"line":36,"column":20},"end":{"line":36,"column":63}},"17":{"start":{"line":37,"column":6},"end":{"line":37,"column":18}},"18":{"start":{"line":40,"column":4},"end":{"line":43,"column":5}},"19":{"start":{"line":41,"column":20},"end":{"line":41,"column":42}},"20":{"start":{"line":42,"column":6},"end":{"line":42,"column":18}},"21":{"start":{"line":45,"column":4},"end":{"line":45,"column":18}},"22":{"start":{"line":47,"column":4},"end":{"line":47,"column":23}},"23":{"start":{"line":25,"column":13},"end":{"line":25,"column":51}},"24":{"start":{"line":51,"column":51},"end":{"line":74,"column":2}},"25":{"start":{"line":56,"column":28},"end":{"line":56,"column":38}},"26":{"start":{"line":57,"column":17},"end":{"line":57,"column":33}},"27":{"start":{"line":58,"column":2},"end":{"line":73,"column":3}},"28":{"start":{"line":59,"column":20},"end":{"line":59,"column":62}},"29":{"start":{"line":60,"column":4},"end":{"line":63,"column":5}},"30":{"start":{"line":61,"column":20},"end":{"line":61,"column":63}},"31":{"start":{"line":62,"column":6},"end":{"line":62,"column":18}},"32":{"start":{"line":65,"column":4},"end":{"line":68,"column":5}},"33":{"start":{"line":66,"column":20},"end":{"line":66,"column":42}},"34":{"start":{"line":67,"column":6},"end":{"line":67,"column":18}},"35":{"start":{"line":70,"column":4},"end":{"line":70,"column":18}},"36":{"start":{"line":72,"column":4},"end":{"line":72,"column":23}},"37":{"start":{"line":51,"column":13},"end":{"line":51,"column":51}},"38":{"start":{"line":76,"column":51},"end":{"line":100,"column":2}},"39":{"start":{"line":81,"column":28},"end":{"line":81,"column":38}},"40":{"start":{"line":82,"column":17},"end":{"line":82,"column":33}},"41":{"start":{"line":83,"column":2},"end":{"line":99,"column":3}},"42":{"start":{"line":84,"column":20},"end":{"line":84,"column":62}},"43":{"start":{"line":86,"column":4},"end":{"line":89,"column":5}},"44":{"start":{"line":87,"column":20},"end":{"line":87,"column":63}},"45":{"start":{"line":88,"column":6},"end":{"line":88,"column":18}},"46":{"start":{"line":91,"column":4},"end":{"line":94,"column":5}},"47":{"start":{"line":92,"column":20},"end":{"line":92,"column":42}},"48":{"start":{"line":93,"column":6},"end":{"line":93,"column":18}},"49":{"start":{"line":96,"column":4},"end":{"line":96,"column":18}},"50":{"start":{"line":98,"column":4},"end":{"line":98,"column":23}},"51":{"start":{"line":76,"column":13},"end":{"line":76,"column":51}}},"fnMap":{"0":{"name":"(anonymous_8)","decl":{"start":{"line":22,"column":12},"end":{"line":22,"column":13}},"loc":{"start":{"line":22,"column":21},"end":{"line":22,"column":45}}},"1":{"name":"(anonymous_9)","decl":{"start":{"line":25,"column":51},"end":{"line":25,"column":null}},"loc":{"start":{"line":28,"column":6},"end":{"line":49,"column":2}}},"2":{"name":"(anonymous_11)","decl":{"start":{"line":51,"column":51},"end":{"line":51,"column":null}},"loc":{"start":{"line":54,"column":6},"end":{"line":74,"column":2}}},"3":{"name":"(anonymous_13)","decl":{"start":{"line":76,"column":51},"end":{"line":76,"column":null}},"loc":{"start":{"line":79,"column":6},"end":{"line":100,"column":2}}}},"branchMap":{"0":{"loc":{"start":{"line":9,"column":0},"end":{"line":11,"column":1}},"type":"if","locations":[{"start":{"line":9,"column":0},"end":{"line":11,"column":1}}]},"1":{"loc":{"start":{"line":31,"column":17},"end":{"line":31,"column":33}},"type":"cond-expr","locations":[{"start":{"line":31,"column":25},"end":{"line":31,"column":27}},{"start":{"line":31,"column":25},"end":{"line":31,"column":33}}]},"2":{"loc":{"start":{"line":31,"column":17},"end":{"line":31,"column":27}},"type":"binary-expr","locations":[{"start":{"line":31,"column":17},"end":{"line":31,"column":27}},{"start":{"line":31,"column":25},"end":{"line":31,"column":27}}]},"3":{"loc":{"start":{"line":35,"column":4},"end":{"line":38,"column":5}},"type":"if","locations":[{"start":{"line":35,"column":4},"end":{"line":38,"column":5}}]},"4":{"loc":{"start":{"line":40,"column":4},"end":{"line":43,"column":5}},"type":"if","locations":[{"start":{"line":40,"column":4},"end":{"line":43,"column":5}}]},"5":{"loc":{"start":{"line":57,"column":17},"end":{"line":57,"column":33}},"type":"cond-expr","locations":[{"start":{"line":57,"column":25},"end":{"line":57,"column":27}},{"start":{"line":57,"column":25},"end":{"line":57,"column":33}}]},"6":{"loc":{"start":{"line":57,"column":17},"end":{"line":57,"column":27}},"type":"binary-expr","locations":[{"start":{"line":57,"column":17},"end":{"line":57,"column":27}},{"start":{"line":57,"column":25},"end":{"line":57,"column":27}}]},"7":{"loc":{"start":{"line":60,"column":4},"end":{"line":63,"column":5}},"type":"if","locations":[{"start":{"line":60,"column":4},"end":{"line":63,"column":5}}]},"8":{"loc":{"start":{"line":65,"column":4},"end":{"line":68,"column":5}},"type":"if","locations":[{"start":{"line":65,"column":4},"end":{"line":68,"column":5}}]},"9":{"loc":{"start":{"line":82,"column":17},"end":{"line":82,"column":33}},"type":"cond-expr","locations":[{"start":{"line":82,"column":25},"end":{"line":82,"column":27}},{"start":{"line":82,"column":25},"end":{"line":82,"column":33}}]},"10":{"loc":{"start":{"line":82,"column":17},"end":{"line":82,"column":27}},"type":"binary-expr","locations":[{"start":{"line":82,"column":17},"end":{"line":82,"column":27}},{"start":{"line":82,"column":25},"end":{"line":82,"column":27}}]},"11":{"loc":{"start":{"line":86,"column":4},"end":{"line":89,"column":5}},"type":"if","locations":[{"start":{"line":86,"column":4},"end":{"line":89,"column":5}}]},"12":{"loc":{"start":{"line":91,"column":4},"end":{"line":94,"column":5}},"type":"if","locations":[{"start":{"line":91,"column":4},"end":{"line":94,"column":5}}]}},"s":{"0":3,"1":3,"2":3,"3":3,"4":3,"5":3,"6":0,"7":3,"8":3,"9":0,"10":3,"11":2,"12":2,"13":2,"14":2,"15":2,"16":0,"17":0,"18":2,"19":0,"20":0,"21":2,"22":0,"23":3,"24":3,"25":2,"26":2,"27":2,"28":2,"29":2,"30":0,"31":0,"32":2,"33":0,"34":0,"35":2,"36":0,"37":3,"38":3,"39":0,"40":0,"41":0,"42":0,"43":0,"44":0,"45":0,"46":0,"47":0,"48":0,"49":0,"50":0,"51":3},"f":{"0":0,"1":2,"2":2,"3":0},"b":{"0":[0],"1":[0,2],"2":[2,2],"3":[0],"4":[0],"5":[0,2],"6":[2,2],"7":[0],"8":[0],"9":[0,0],"10":[0,0],"11":[0],"12":[0]}}
,"C:\\codeitproject\\sprint-mission\\part3-장현태-sprint9\\src\\repositories\\articleRepository.ts": {"path":"C:\\codeitproject\\sprint-mission\\part3-장현태-sprint9\\src\\repositories\\articleRepository.ts","statementMap":{"0":{"start":{"line":2,"column":0},"end":{"line":2,"column":38}},"1":{"start":{"line":11,"column":68},"end":{"line":11,"column":73}},"2":{"start":{"line":15,"column":6},"end":{"line":15,"column":26}},"3":{"start":{"line":16,"column":2},"end":{"line":27,"column":3}},"4":{"start":{"line":18,"column":6},"end":{"line":20,"column":8}},"5":{"start":{"line":21,"column":6},"end":{"line":21,"column":12}},"6":{"start":{"line":23,"column":6},"end":{"line":25,"column":8}},"7":{"start":{"line":26,"column":6},"end":{"line":26,"column":12}},"8":{"start":{"line":29,"column":2},"end":{"line":50,"column":5}},"9":{"start":{"line":54,"column":2},"end":{"line":58,"column":5}},"10":{"start":{"line":62,"column":18},"end":{"line":69,"column":4}},"11":{"start":{"line":70,"column":2},"end":{"line":70,"column":27}},"12":{"start":{"line":80,"column":2},"end":{"line":90,"column":5}},"13":{"start":{"line":100,"column":2},"end":{"line":108,"column":5}},"14":{"start":{"line":112,"column":2},"end":{"line":116,"column":5}},"15":{"start":{"line":120,"column":2},"end":{"line":128,"column":5}},"16":{"start":{"line":131,"column":0},"end":{"line":139,"column":2}}},"fnMap":{"0":{"name":"getAll","decl":{"start":{"line":5,"column":15},"end":{"line":5,"column":21}},"loc":{"start":{"line":10,"column":1},"end":{"line":51,"column":null}}},"1":{"name":"getById","decl":{"start":{"line":53,"column":15},"end":{"line":53,"column":22}},"loc":{"start":{"line":53,"column":33},"end":{"line":59,"column":null}}},"2":{"name":"getArticleAuthorIdByArticleId","decl":{"start":{"line":61,"column":15},"end":{"line":61,"column":44}},"loc":{"start":{"line":61,"column":55},"end":{"line":71,"column":null}}},"3":{"name":"save","decl":{"start":{"line":73,"column":15},"end":{"line":73,"column":19}},"loc":{"start":{"line":78,"column":3},"end":{"line":91,"column":null}}},"4":{"name":"update","decl":{"start":{"line":93,"column":15},"end":{"line":93,"column":21}},"loc":{"start":{"line":98,"column":3},"end":{"line":109,"column":null}}},"5":{"name":"deleteById","decl":{"start":{"line":111,"column":15},"end":{"line":111,"column":25}},"loc":{"start":{"line":111,"column":36},"end":{"line":117,"column":null}}},"6":{"name":"getAllLikedProduct","decl":{"start":{"line":119,"column":15},"end":{"line":119,"column":33}},"loc":{"start":{"line":119,"column":48},"end":{"line":129,"column":null}}}},"branchMap":{"0":{"loc":{"start":{"line":11,"column":10},"end":{"line":11,"column":20}},"type":"default-arg","locations":[{"start":{"line":11,"column":19},"end":{"line":11,"column":20}}]},"1":{"loc":{"start":{"line":11,"column":22},"end":{"line":11,"column":32}},"type":"default-arg","locations":[{"start":{"line":11,"column":30},"end":{"line":11,"column":32}}]},"2":{"loc":{"start":{"line":11,"column":34},"end":{"line":11,"column":50}},"type":"default-arg","locations":[{"start":{"line":11,"column":42},"end":{"line":11,"column":50}}]},"3":{"loc":{"start":{"line":11,"column":52},"end":{"line":11,"column":63}},"type":"default-arg","locations":[{"start":{"line":11,"column":61},"end":{"line":11,"column":63}}]},"4":{"loc":{"start":{"line":16,"column":2},"end":{"line":27,"column":3}},"type":"switch","locations":[{"start":{"line":17,"column":4},"end":{"line":21,"column":12}},{"start":{"line":22,"column":4},"end":{"line":26,"column":12}}]}},"s":{"0":3,"1":5,"2":5,"3":5,"4":2,"5":2,"6":3,"7":3,"8":5,"9":3,"10":0,"11":0,"12":1,"13":1,"14":1,"15":0,"16":3},"f":{"0":5,"1":3,"2":0,"3":1,"4":1,"5":1,"6":0},"b":{"0":[0],"1":[0],"2":[0],"3":[0],"4":[2,3]}}
,"C:\\codeitproject\\sprint-mission\\part3-장현태-sprint9\\src\\repositories\\commentRepository.ts": {"path":"C:\\codeitproject\\sprint-mission\\part3-장현태-sprint9\\src\\repositories\\commentRepository.ts","statementMap":{"0":{"start":{"line":1,"column":0},"end":{"line":1,"column":38}},"1":{"start":{"line":4,"column":2},"end":{"line":4,"column":41}},"2":{"start":{"line":8,"column":2},"end":{"line":10,"column":5}},"3":{"start":{"line":29,"column":2},"end":{"line":38,"column":5}},"4":{"start":{"line":42,"column":2},"end":{"line":45,"column":5}},"5":{"start":{"line":49,"column":2},"end":{"line":51,"column":5}},"6":{"start":{"line":54,"column":0},"end":{"line":60,"column":2}}},"fnMap":{"0":{"name":"getMany","decl":{"start":{"line":3,"column":15},"end":{"line":3,"column":22}},"loc":{"start":{"line":3,"column":22},"end":{"line":5,"column":null}}},"1":{"name":"getById","decl":{"start":{"line":7,"column":15},"end":{"line":7,"column":22}},"loc":{"start":{"line":7,"column":33},"end":{"line":11,"column":null}}},"2":{"name":"save","decl":{"start":{"line":13,"column":15},"end":{"line":13,"column":19}},"loc":{"start":{"line":27,"column":3},"end":{"line":39,"column":null}}},"3":{"name":"update","decl":{"start":{"line":41,"column":15},"end":{"line":41,"column":21}},"loc":{"start":{"line":41,"column":59},"end":{"line":46,"column":null}}},"4":{"name":"deleteById","decl":{"start":{"line":48,"column":15},"end":{"line":48,"column":25}},"loc":{"start":{"line":48,"column":36},"end":{"line":52,"column":null}}}},"branchMap":{},"s":{"0":3,"1":0,"2":0,"3":0,"4":0,"5":0,"6":3},"f":{"0":0,"1":0,"2":0,"3":0,"4":0},"b":{}}
,"C:\\codeitproject\\sprint-mission\\part3-장현태-sprint9\\src\\repositories\\likeRepository.ts": {"path":"C:\\codeitproject\\sprint-mission\\part3-장현태-sprint9\\src\\repositories\\likeRepository.ts","statementMap":{"0":{"start":{"line":1,"column":0},"end":{"line":1,"column":38}},"1":{"start":{"line":4,"column":2},"end":{"line":17,"column":5}},"2":{"start":{"line":21,"column":2},"end":{"line":34,"column":5}},"3":{"start":{"line":38,"column":2},"end":{"line":42,"column":5}},"4":{"start":{"line":45,"column":2},"end":{"line":49,"column":5}},"5":{"start":{"line":52,"column":0},"end":{"line":57,"column":2}}},"fnMap":{"0":{"name":"saveProductLike","decl":{"start":{"line":3,"column":15},"end":{"line":3,"column":30}},"loc":{"start":{"line":3,"column":64},"end":{"line":18,"column":null}}},"1":{"name":"saveArticleLike","decl":{"start":{"line":20,"column":15},"end":{"line":20,"column":30}},"loc":{"start":{"line":20,"column":64},"end":{"line":35,"column":null}}},"2":{"name":"deleteArticleLike","decl":{"start":{"line":37,"column":15},"end":{"line":37,"column":32}},"loc":{"start":{"line":37,"column":66},"end":{"line":43,"column":null}}},"3":{"name":"deleteProductLike","decl":{"start":{"line":44,"column":15},"end":{"line":44,"column":32}},"loc":{"start":{"line":44,"column":66},"end":{"line":50,"column":null}}}},"branchMap":{},"s":{"0":4,"1":0,"2":0,"3":0,"4":0,"5":4},"f":{"0":0,"1":0,"2":0,"3":0},"b":{}}
,"C:\\codeitproject\\sprint-mission\\part3-장현태-sprint9\\src\\repositories\\notificationRepository.ts": {"path":"C:\\codeitproject\\sprint-mission\\part3-장현태-sprint9\\src\\repositories\\notificationRepository.ts","statementMap":{"0":{"start":{"line":1,"column":0},"end":{"line":1,"column":38}},"1":{"start":{"line":4,"column":2},"end":{"line":10,"column":5}},"2":{"start":{"line":14,"column":2},"end":{"line":21,"column":5}},"3":{"start":{"line":25,"column":2},"end":{"line":30,"column":5}},"4":{"start":{"line":34,"column":2},"end":{"line":42,"column":5}},"5":{"start":{"line":45,"column":0},"end":{"line":45,"column":77}}},"fnMap":{"0":{"name":"save","decl":{"start":{"line":3,"column":15},"end":{"line":3,"column":19}},"loc":{"start":{"line":3,"column":48},"end":{"line":11,"column":null}}},"1":{"name":"getAllbyUserId","decl":{"start":{"line":13,"column":15},"end":{"line":13,"column":29}},"loc":{"start":{"line":13,"column":44},"end":{"line":22,"column":null}}},"2":{"name":"getCountUnreadNotifications","decl":{"start":{"line":24,"column":15},"end":{"line":24,"column":42}},"loc":{"start":{"line":24,"column":57},"end":{"line":31,"column":null}}},"3":{"name":"update","decl":{"start":{"line":33,"column":15},"end":{"line":33,"column":21}},"loc":{"start":{"line":33,"column":60},"end":{"line":43,"column":null}}}},"branchMap":{},"s":{"0":3,"1":0,"2":0,"3":0,"4":0,"5":3},"f":{"0":0,"1":0,"2":0,"3":0},"b":{}}
,"C:\\codeitproject\\sprint-mission\\part3-장현태-sprint9\\src\\repositories\\productRepository.ts": {"path":"C:\\codeitproject\\sprint-mission\\part3-장현태-sprint9\\src\\repositories\\productRepository.ts","statementMap":{"0":{"start":{"line":1,"column":0},"end":{"line":1,"column":38}},"1":{"start":{"line":9,"column":68},"end":{"line":9,"column":73}},"2":{"start":{"line":13,"column":6},"end":{"line":13,"column":26}},"3":{"start":{"line":14,"column":2},"end":{"line":25,"column":3}},"4":{"start":{"line":16,"column":6},"end":{"line":18,"column":8}},"5":{"start":{"line":19,"column":6},"end":{"line":19,"column":12}},"6":{"start":{"line":21,"column":6},"end":{"line":23,"column":8}},"7":{"start":{"line":24,"column":6},"end":{"line":24,"column":12}},"8":{"start":{"line":27,"column":2},"end":{"line":48,"column":5}},"9":{"start":{"line":52,"column":2},"end":{"line":56,"column":5}},"10":{"start":{"line":68,"column":2},"end":{"line":80,"column":5}},"11":{"start":{"line":92,"column":2},"end":{"line":108,"column":5}},"12":{"start":{"line":112,"column":2},"end":{"line":116,"column":5}},"13":{"start":{"line":120,"column":2},"end":{"line":124,"column":5}},"14":{"start":{"line":128,"column":2},"end":{"line":136,"column":5}},"15":{"start":{"line":139,"column":0},"end":{"line":147,"column":2}}},"fnMap":{"0":{"name":"getAll","decl":{"start":{"line":3,"column":15},"end":{"line":3,"column":21}},"loc":{"start":{"line":8,"column":1},"end":{"line":49,"column":null}}},"1":{"name":"getById","decl":{"start":{"line":51,"column":15},"end":{"line":51,"column":22}},"loc":{"start":{"line":51,"column":33},"end":{"line":57,"column":null}}},"2":{"name":"save","decl":{"start":{"line":59,"column":15},"end":{"line":59,"column":19}},"loc":{"start":{"line":66,"column":3},"end":{"line":81,"column":null}}},"3":{"name":"update","decl":{"start":{"line":83,"column":15},"end":{"line":83,"column":21}},"loc":{"start":{"line":90,"column":3},"end":{"line":109,"column":null}}},"4":{"name":"deleteById","decl":{"start":{"line":111,"column":15},"end":{"line":111,"column":25}},"loc":{"start":{"line":111,"column":36},"end":{"line":117,"column":null}}},"5":{"name":"getByUserId","decl":{"start":{"line":119,"column":15},"end":{"line":119,"column":26}},"loc":{"start":{"line":119,"column":41},"end":{"line":125,"column":null}}},"6":{"name":"getAllLikedProduct","decl":{"start":{"line":127,"column":15},"end":{"line":127,"column":33}},"loc":{"start":{"line":127,"column":48},"end":{"line":137,"column":null}}}},"branchMap":{"0":{"loc":{"start":{"line":9,"column":10},"end":{"line":9,"column":20}},"type":"default-arg","locations":[{"start":{"line":9,"column":19},"end":{"line":9,"column":20}}]},"1":{"loc":{"start":{"line":9,"column":22},"end":{"line":9,"column":32}},"type":"default-arg","locations":[{"start":{"line":9,"column":30},"end":{"line":9,"column":32}}]},"2":{"loc":{"start":{"line":9,"column":34},"end":{"line":9,"column":50}},"type":"default-arg","locations":[{"start":{"line":9,"column":42},"end":{"line":9,"column":50}}]},"3":{"loc":{"start":{"line":9,"column":52},"end":{"line":9,"column":63}},"type":"default-arg","locations":[{"start":{"line":9,"column":61},"end":{"line":9,"column":63}}]},"4":{"loc":{"start":{"line":14,"column":2},"end":{"line":25,"column":3}},"type":"switch","locations":[{"start":{"line":15,"column":4},"end":{"line":19,"column":12}},{"start":{"line":20,"column":4},"end":{"line":24,"column":12}}]}},"s":{"0":4,"1":6,"2":6,"3":6,"4":3,"5":3,"6":3,"7":3,"8":6,"9":3,"10":1,"11":1,"12":1,"13":0,"14":0,"15":4},"f":{"0":6,"1":3,"2":1,"3":1,"4":1,"5":0,"6":0},"b":{"0":[0],"1":[0],"2":[0],"3":[0],"4":[3,3]}}
,"C:\\codeitproject\\sprint-mission\\part3-장현태-sprint9\\src\\repositories\\userRepository.ts": {"path":"C:\\codeitproject\\sprint-mission\\part3-장현태-sprint9\\src\\repositories\\userRepository.ts","statementMap":{"0":{"start":{"line":2,"column":0},"end":{"line":2,"column":38}},"1":{"start":{"line":5,"column":2},"end":{"line":9,"column":5}},"2":{"start":{"line":13,"column":2},"end":{"line":17,"column":5}},"3":{"start":{"line":26,"column":2},"end":{"line":33,"column":5}},"4":{"start":{"line":44,"column":2},"end":{"line":49,"column":5}},"5":{"start":{"line":53,"column":2},"end":{"line":60,"column":5}},"6":{"start":{"line":64,"column":2},"end":{"line":68,"column":5}},"7":{"start":{"line":71,"column":0},"end":{"line":78,"column":2}}},"fnMap":{"0":{"name":"getById","decl":{"start":{"line":4,"column":15},"end":{"line":4,"column":22}},"loc":{"start":{"line":4,"column":33},"end":{"line":10,"column":null}}},"1":{"name":"getByEmail","decl":{"start":{"line":12,"column":15},"end":{"line":12,"column":25}},"loc":{"start":{"line":12,"column":39},"end":{"line":18,"column":null}}},"2":{"name":"save","decl":{"start":{"line":20,"column":15},"end":{"line":20,"column":19}},"loc":{"start":{"line":25,"column":1},"end":{"line":34,"column":null}}},"3":{"name":"update","decl":{"start":{"line":36,"column":15},"end":{"line":36,"column":21}},"loc":{"start":{"line":42,"column":3},"end":{"line":50,"column":null}}},"4":{"name":"changePassword","decl":{"start":{"line":52,"column":15},"end":{"line":52,"column":29}},"loc":{"start":{"line":52,"column":58},"end":{"line":61,"column":null}}},"5":{"name":"deleteById","decl":{"start":{"line":63,"column":15},"end":{"line":63,"column":25}},"loc":{"start":{"line":63,"column":36},"end":{"line":69,"column":null}}}},"branchMap":{},"s":{"0":3,"1":0,"2":4,"3":1,"4":2,"5":0,"6":0,"7":3},"f":{"0":0,"1":4,"2":1,"3":2,"4":0,"5":0},"b":{}}
,"C:\\codeitproject\\sprint-mission\\part3-장현태-sprint9\\src\\routers\\articleRouter.ts": {"path":"C:\\codeitproject\\sprint-mission\\part3-장현태-sprint9\\src\\routers\\articleRouter.ts","statementMap":{"0":{"start":{"line":1,"column":0},"end":{"line":1,"column":30}},"1":{"start":{"line":2,"column":0},"end":{"line":2,"column":null}},"2":{"start":{"line":11,"column":0},"end":{"line":11,"column":79}},"3":{"start":{"line":12,"column":0},"end":{"line":12,"column":58}},"4":{"start":{"line":14,"column":22},"end":{"line":14,"column":38}},"5":{"start":{"line":16,"column":0},"end":{"line":19,"column":54}},"6":{"start":{"line":21,"column":0},"end":{"line":25,"column":79}},"7":{"start":{"line":27,"column":0},"end":{"line":30,"column":62}},"8":{"start":{"line":31,"column":0},"end":{"line":31,"column":29}}},"fnMap":{},"branchMap":{},"s":{"0":3,"1":3,"2":3,"3":3,"4":3,"5":3,"6":3,"7":3,"8":3},"f":{},"b":{}}
,"C:\\codeitproject\\sprint-mission\\part3-장현태-sprint9\\src\\routers\\commentRouter.ts": {"path":"C:\\codeitproject\\sprint-mission\\part3-장현태-sprint9\\src\\routers\\commentRouter.ts","statementMap":{"0":{"start":{"line":1,"column":0},"end":{"line":1,"column":30}},"1":{"start":{"line":2,"column":0},"end":{"line":2,"column":null}},"2":{"start":{"line":9,"column":0},"end":{"line":9,"column":79}},"3":{"start":{"line":10,"column":0},"end":{"line":10,"column":58}},"4":{"start":{"line":12,"column":22},"end":{"line":12,"column":38}},"5":{"start":{"line":13,"column":0},"end":{"line":13,"column":59}},"6":{"start":{"line":15,"column":0},"end":{"line":18,"column":79}},"7":{"start":{"line":19,"column":0},"end":{"line":21,"column":61}},"8":{"start":{"line":22,"column":0},"end":{"line":24,"column":61}},"9":{"start":{"line":26,"column":0},"end":{"line":26,"column":29}}},"fnMap":{},"branchMap":{},"s":{"0":3,"1":3,"2":3,"3":3,"4":3,"5":3,"6":3,"7":3,"8":3,"9":3},"f":{},"b":{}}
,"C:\\codeitproject\\sprint-mission\\part3-장현태-sprint9\\src\\routers\\notificationRouter.ts": {"path":"C:\\codeitproject\\sprint-mission\\part3-장현태-sprint9\\src\\routers\\notificationRouter.ts","statementMap":{"0":{"start":{"line":1,"column":0},"end":{"line":1,"column":30}},"1":{"start":{"line":2,"column":0},"end":{"line":2,"column":null}},"2":{"start":{"line":7,"column":0},"end":{"line":7,"column":58}},"3":{"start":{"line":8,"column":0},"end":{"line":8,"column":58}},"4":{"start":{"line":10,"column":27},"end":{"line":10,"column":43}},"5":{"start":{"line":12,"column":0},"end":{"line":12,"column":79}},"6":{"start":{"line":13,"column":0},"end":{"line":17,"column":2}},"7":{"start":{"line":18,"column":0},"end":{"line":22,"column":2}},"8":{"start":{"line":24,"column":0},"end":{"line":24,"column":34}}},"fnMap":{},"branchMap":{},"s":{"0":3,"1":3,"2":3,"3":3,"4":3,"5":3,"6":3,"7":3,"8":3},"f":{},"b":{}}
,"C:\\codeitproject\\sprint-mission\\part3-장현태-sprint9\\src\\routers\\productRouter.ts": {"path":"C:\\codeitproject\\sprint-mission\\part3-장현태-sprint9\\src\\routers\\productRouter.ts","statementMap":{"0":{"start":{"line":1,"column":0},"end":{"line":1,"column":30}},"1":{"start":{"line":2,"column":0},"end":{"line":2,"column":null}},"2":{"start":{"line":11,"column":0},"end":{"line":11,"column":79}},"3":{"start":{"line":12,"column":0},"end":{"line":12,"column":58}},"4":{"start":{"line":14,"column":22},"end":{"line":14,"column":38}},"5":{"start":{"line":16,"column":0},"end":{"line":19,"column":54}},"6":{"start":{"line":21,"column":0},"end":{"line":25,"column":79}},"7":{"start":{"line":27,"column":0},"end":{"line":30,"column":62}},"8":{"start":{"line":31,"column":0},"end":{"line":31,"column":29}}},"fnMap":{},"branchMap":{},"s":{"0":3,"1":3,"2":3,"3":3,"4":3,"5":3,"6":3,"7":3,"8":3},"f":{},"b":{}}
,"C:\\codeitproject\\sprint-mission\\part3-장현태-sprint9\\src\\routers\\userRouter.ts": {"path":"C:\\codeitproject\\sprint-mission\\part3-장현태-sprint9\\src\\routers\\userRouter.ts","statementMap":{"0":{"start":{"line":1,"column":0},"end":{"line":1,"column":30}},"1":{"start":{"line":2,"column":0},"end":{"line":2,"column":null}},"2":{"start":{"line":11,"column":0},"end":{"line":11,"column":78}},"3":{"start":{"line":12,"column":0},"end":{"line":12,"column":66}},"4":{"start":{"line":13,"column":0},"end":{"line":13,"column":58}},"5":{"start":{"line":15,"column":19},"end":{"line":15,"column":35}},"6":{"start":{"line":17,"column":0},"end":{"line":21,"column":53}},"7":{"start":{"line":23,"column":0},"end":{"line":23,"column":57}},"8":{"start":{"line":24,"column":0},"end":{"line":26,"column":61}},"9":{"start":{"line":27,"column":0},"end":{"line":29,"column":56}},"10":{"start":{"line":30,"column":0},"end":{"line":36,"column":4}},"11":{"start":{"line":37,"column":0},"end":{"line":37,"column":80}},"12":{"start":{"line":39,"column":0},"end":{"line":39,"column":26}}},"fnMap":{},"branchMap":{},"s":{"0":3,"1":3,"2":3,"3":3,"4":3,"5":3,"6":3,"7":3,"8":3,"9":3,"10":3,"11":3,"12":3},"f":{},"b":{}}
,"C:\\codeitproject\\sprint-mission\\part3-장현태-sprint9\\src\\services\\articleService.ts": {"path":"C:\\codeitproject\\sprint-mission\\part3-장현태-sprint9\\src\\services\\articleService.ts","statementMap":{"0":{"start":{"line":5,"column":0},"end":{"line":5,"column":22}},"1":{"start":{"line":14,"column":0},"end":{"line":14,"column":22}},"2":{"start":{"line":18,"column":0},"end":{"line":18,"column":22}},"3":{"start":{"line":28,"column":0},"end":{"line":28,"column":22}},"4":{"start":{"line":38,"column":0},"end":{"line":38,"column":22}},"5":{"start":{"line":42,"column":0},"end":{"line":42,"column":22}},"6":{"start":{"line":47,"column":0},"end":{"line":47,"column":22}},"7":{"start":{"line":2,"column":0},"end":{"line":2,"column":66}},"8":{"start":{"line":3,"column":0},"end":{"line":3,"column":60}},"9":{"start":{"line":11,"column":2},"end":{"line":11,"column":47}},"10":{"start":{"line":15,"column":2},"end":{"line":15,"column":45}},"11":{"start":{"line":25,"column":2},"end":{"line":25,"column":67}},"12":{"start":{"line":35,"column":2},"end":{"line":35,"column":56}},"13":{"start":{"line":39,"column":2},"end":{"line":39,"column":48}},"14":{"start":{"line":43,"column":2},"end":{"line":43,"column":66}},"15":{"start":{"line":44,"column":2},"end":{"line":44,"column":9}},"16":{"start":{"line":48,"column":2},"end":{"line":48,"column":68}},"17":{"start":{"line":49,"column":2},"end":{"line":49,"column":9}}},"fnMap":{"0":{"name":"fetchArticles","decl":{"start":{"line":5,"column":22},"end":{"line":5,"column":35}},"loc":{"start":{"line":10,"column":1},"end":{"line":12,"column":null}}},"1":{"name":"getArticleById","decl":{"start":{"line":14,"column":22},"end":{"line":14,"column":36}},"loc":{"start":{"line":14,"column":47},"end":{"line":16,"column":null}}},"2":{"name":"createNewArticle","decl":{"start":{"line":18,"column":22},"end":{"line":18,"column":38}},"loc":{"start":{"line":23,"column":3},"end":{"line":26,"column":null}}},"3":{"name":"updateArticleById","decl":{"start":{"line":28,"column":22},"end":{"line":28,"column":39}},"loc":{"start":{"line":33,"column":3},"end":{"line":36,"column":null}}},"4":{"name":"removeArticleById","decl":{"start":{"line":38,"column":22},"end":{"line":38,"column":39}},"loc":{"start":{"line":38,"column":50},"end":{"line":40,"column":null}}},"5":{"name":"addArticleLike","decl":{"start":{"line":42,"column":22},"end":{"line":42,"column":36}},"loc":{"start":{"line":42,"column":70},"end":{"line":45,"column":null}}},"6":{"name":"cancelArticleLike","decl":{"start":{"line":47,"column":22},"end":{"line":47,"column":39}},"loc":{"start":{"line":47,"column":73},"end":{"line":50,"column":null}}}},"branchMap":{},"s":{"0":3,"1":3,"2":3,"3":3,"4":3,"5":3,"6":3,"7":3,"8":3,"9":5,"10":1,"11":1,"12":1,"13":1,"14":0,"15":0,"16":0,"17":0},"f":{"0":5,"1":1,"2":1,"3":1,"4":1,"5":0,"6":0},"b":{}}
,"C:\\codeitproject\\sprint-mission\\part3-장현태-sprint9\\src\\services\\commentService.ts": {"path":"C:\\codeitproject\\sprint-mission\\part3-장현태-sprint9\\src\\services\\commentService.ts","statementMap":{"0":{"start":{"line":6,"column":0},"end":{"line":6,"column":22}},"1":{"start":{"line":10,"column":0},"end":{"line":10,"column":22}},"2":{"start":{"line":43,"column":0},"end":{"line":43,"column":22}},"3":{"start":{"line":61,"column":0},"end":{"line":61,"column":22}},"4":{"start":{"line":68,"column":0},"end":{"line":68,"column":22}},"5":{"start":{"line":1,"column":0},"end":{"line":1,"column":66}},"6":{"start":{"line":2,"column":0},"end":{"line":2,"column":66}},"7":{"start":{"line":3,"column":0},"end":{"line":3,"column":59}},"8":{"start":{"line":4,"column":0},"end":{"line":4,"column":51}},"9":{"start":{"line":7,"column":2},"end":{"line":7,"column":43}},"10":{"start":{"line":17,"column":25},"end":{"line":24,"column":4}},"11":{"start":{"line":25,"column":21},"end":{"line":27,"column":null}},"12":{"start":{"line":29,"column":24},"end":{"line":30,"column":null}},"13":{"start":{"line":32,"column":2},"end":{"line":32,"column":58}},"14":{"start":{"line":32,"column":40},"end":{"line":32,"column":58}},"15":{"start":{"line":34,"column":2},"end":{"line":34,"column":53}},"16":{"start":{"line":36,"column":2},"end":{"line":39,"column":5}},"17":{"start":{"line":40,"column":2},"end":{"line":40,"column":20}},"18":{"start":{"line":50,"column":25},"end":{"line":57,"column":4}},"19":{"start":{"line":58,"column":2},"end":{"line":58,"column":70}},"20":{"start":{"line":65,"column":2},"end":{"line":65,"column":64}},"21":{"start":{"line":69,"column":2},"end":{"line":69,"column":55}}},"fnMap":{"0":{"name":"fetchComments","decl":{"start":{"line":6,"column":22},"end":{"line":6,"column":35}},"loc":{"start":{"line":6,"column":35},"end":{"line":8,"column":null}}},"1":{"name":"addCommentToArticle","decl":{"start":{"line":10,"column":22},"end":{"line":10,"column":41}},"loc":{"start":{"line":15,"column":3},"end":{"line":41,"column":null}}},"2":{"name":"addCommentToProduct","decl":{"start":{"line":43,"column":22},"end":{"line":43,"column":41}},"loc":{"start":{"line":48,"column":3},"end":{"line":59,"column":null}}},"3":{"name":"updateCommentById","decl":{"start":{"line":61,"column":22},"end":{"line":61,"column":39}},"loc":{"start":{"line":63,"column":34},"end":{"line":66,"column":null}}},"4":{"name":"removeCommentById","decl":{"start":{"line":68,"column":22},"end":{"line":68,"column":39}},"loc":{"start":{"line":68,"column":57},"end":{"line":70,"column":null}}}},"branchMap":{"0":{"loc":{"start":{"line":32,"column":2},"end":{"line":32,"column":58}},"type":"if","locations":[{"start":{"line":32,"column":2},"end":{"line":32,"column":58}}]}},"s":{"0":3,"1":3,"2":3,"3":3,"4":3,"5":3,"6":3,"7":3,"8":3,"9":0,"10":0,"11":0,"12":0,"13":0,"14":0,"15":0,"16":0,"17":0,"18":0,"19":0,"20":0,"21":0},"f":{"0":0,"1":0,"2":0,"3":0,"4":0},"b":{"0":[0]}}
,"C:\\codeitproject\\sprint-mission\\part3-장현태-sprint9\\src\\services\\notificationService.ts": {"path":"C:\\codeitproject\\sprint-mission\\part3-장현태-sprint9\\src\\services\\notificationService.ts","statementMap":{"0":{"start":{"line":3,"column":0},"end":{"line":3,"column":22}},"1":{"start":{"line":7,"column":0},"end":{"line":7,"column":22}},"2":{"start":{"line":11,"column":0},"end":{"line":11,"column":22}},"3":{"start":{"line":14,"column":0},"end":{"line":14,"column":22}},"4":{"start":{"line":1,"column":0},"end":{"line":1,"column":76}},"5":{"start":{"line":4,"column":2},"end":{"line":4,"column":57}},"6":{"start":{"line":8,"column":2},"end":{"line":8,"column":61}},"7":{"start":{"line":12,"column":2},"end":{"line":12,"column":74}},"8":{"start":{"line":15,"column":2},"end":{"line":15,"column":69}}},"fnMap":{"0":{"name":"createNotification","decl":{"start":{"line":3,"column":22},"end":{"line":3,"column":40}},"loc":{"start":{"line":3,"column":69},"end":{"line":5,"column":null}}},"1":{"name":"getNotificationList","decl":{"start":{"line":7,"column":22},"end":{"line":7,"column":41}},"loc":{"start":{"line":7,"column":56},"end":{"line":9,"column":null}}},"2":{"name":"getNumUnreadNotifications","decl":{"start":{"line":11,"column":22},"end":{"line":11,"column":47}},"loc":{"start":{"line":11,"column":62},"end":{"line":13,"column":null}}},"3":{"name":"markAsRead","decl":{"start":{"line":14,"column":22},"end":{"line":14,"column":32}},"loc":{"start":{"line":14,"column":71},"end":{"line":16,"column":null}}}},"branchMap":{},"s":{"0":3,"1":3,"2":3,"3":3,"4":3,"5":0,"6":0,"7":0,"8":0},"f":{"0":0,"1":0,"2":0,"3":0},"b":{}}
,"C:\\codeitproject\\sprint-mission\\part3-장현태-sprint9\\src\\services\\productService.ts": {"path":"C:\\codeitproject\\sprint-mission\\part3-장현태-sprint9\\src\\services\\productService.ts","statementMap":{"0":{"start":{"line":5,"column":0},"end":{"line":5,"column":22}},"1":{"start":{"line":14,"column":0},"end":{"line":14,"column":22}},"2":{"start":{"line":18,"column":0},"end":{"line":18,"column":22}},"3":{"start":{"line":30,"column":0},"end":{"line":30,"column":22}},"4":{"start":{"line":64,"column":0},"end":{"line":64,"column":22}},"5":{"start":{"line":68,"column":0},"end":{"line":68,"column":22}},"6":{"start":{"line":73,"column":0},"end":{"line":73,"column":22}},"7":{"start":{"line":78,"column":0},"end":{"line":78,"column":22}},"8":{"start":{"line":87,"column":0},"end":{"line":87,"column":22}},"9":{"start":{"line":1,"column":0},"end":{"line":1,"column":66}},"10":{"start":{"line":2,"column":0},"end":{"line":2,"column":60}},"11":{"start":{"line":3,"column":0},"end":{"line":3,"column":51}},"12":{"start":{"line":11,"column":2},"end":{"line":11,"column":47}},"13":{"start":{"line":15,"column":2},"end":{"line":15,"column":45}},"14":{"start":{"line":27,"column":2},"end":{"line":27,"column":59}},"15":{"start":{"line":39,"column":26},"end":{"line":39,"column":61}},"16":{"start":{"line":40,"column":2},"end":{"line":42,"column":3}},"17":{"start":{"line":41,"column":4},"end":{"line":41,"column":41}},"18":{"start":{"line":44,"column":25},"end":{"line":49,"column":4}},"19":{"start":{"line":51,"column":21},"end":{"line":51,"column":71}},"20":{"start":{"line":53,"column":2},"end":{"line":60,"column":3}},"21":{"start":{"line":54,"column":4},"end":{"line":59,"column":7}},"22":{"start":{"line":55,"column":6},"end":{"line":58,"column":9}},"23":{"start":{"line":61,"column":2},"end":{"line":61,"column":20}},"24":{"start":{"line":65,"column":2},"end":{"line":65,"column":48}},"25":{"start":{"line":69,"column":2},"end":{"line":69,"column":66}},"26":{"start":{"line":70,"column":2},"end":{"line":70,"column":9}},"27":{"start":{"line":74,"column":2},"end":{"line":74,"column":68}},"28":{"start":{"line":75,"column":2},"end":{"line":75,"column":9}},"29":{"start":{"line":79,"column":24},"end":{"line":79,"column":74}},"30":{"start":{"line":80,"column":2},"end":{"line":83,"column":3}},"31":{"start":{"line":81,"column":4},"end":{"line":81,"column":39}},"32":{"start":{"line":82,"column":4},"end":{"line":82,"column":46}},"33":{"start":{"line":82,"column":34},"end":{"line":82,"column":46}},"34":{"start":{"line":84,"column":2},"end":{"line":84,"column":15}},"35":{"start":{"line":88,"column":19},"end":{"line":88,"column":62}},"36":{"start":{"line":89,"column":2},"end":{"line":89,"column":18}}},"fnMap":{"0":{"name":"fetchProducts","decl":{"start":{"line":5,"column":22},"end":{"line":5,"column":35}},"loc":{"start":{"line":10,"column":1},"end":{"line":12,"column":null}}},"1":{"name":"getProductById","decl":{"start":{"line":14,"column":22},"end":{"line":14,"column":36}},"loc":{"start":{"line":14,"column":47},"end":{"line":16,"column":null}}},"2":{"name":"createNewProduct","decl":{"start":{"line":18,"column":22},"end":{"line":18,"column":38}},"loc":{"start":{"line":25,"column":3},"end":{"line":28,"column":null}}},"3":{"name":"updateProductById","decl":{"start":{"line":30,"column":22},"end":{"line":30,"column":39}},"loc":{"start":{"line":37,"column":3},"end":{"line":62,"column":null}}},"4":{"name":"(anonymous_16)","decl":{"start":{"line":54,"column":24},"end":{"line":54,"column":25}},"loc":{"start":{"line":54,"column":33},"end":{"line":59,"column":5}}},"5":{"name":"removeProductById","decl":{"start":{"line":64,"column":22},"end":{"line":64,"column":39}},"loc":{"start":{"line":64,"column":50},"end":{"line":66,"column":null}}},"6":{"name":"addProductLike","decl":{"start":{"line":68,"column":22},"end":{"line":68,"column":36}},"loc":{"start":{"line":68,"column":70},"end":{"line":71,"column":null}}},"7":{"name":"cancelProductLike","decl":{"start":{"line":73,"column":22},"end":{"line":73,"column":39}},"loc":{"start":{"line":73,"column":73},"end":{"line":76,"column":null}}},"8":{"name":"checkIsLikedByUser","decl":{"start":{"line":78,"column":22},"end":{"line":78,"column":40}},"loc":{"start":{"line":78,"column":74},"end":{"line":85,"column":null}}},"9":{"name":"getProductsByUserId","decl":{"start":{"line":87,"column":22},"end":{"line":87,"column":41}},"loc":{"start":{"line":87,"column":56},"end":{"line":90,"column":null}}}},"branchMap":{"0":{"loc":{"start":{"line":40,"column":2},"end":{"line":42,"column":3}},"type":"if","locations":[{"start":{"line":40,"column":2},"end":{"line":42,"column":3}}]},"1":{"loc":{"start":{"line":53,"column":2},"end":{"line":60,"column":3}},"type":"if","locations":[{"start":{"line":53,"column":2},"end":{"line":60,"column":3}}]},"2":{"loc":{"start":{"line":82,"column":4},"end":{"line":82,"column":46}},"type":"if","locations":[{"start":{"line":82,"column":4},"end":{"line":82,"column":46}}]}},"s":{"0":4,"1":4,"2":4,"3":4,"4":4,"5":4,"6":4,"7":4,"8":4,"9":4,"10":4,"11":4,"12":6,"13":0,"14":1,"15":3,"16":3,"17":1,"18":2,"19":2,"20":2,"21":2,"22":1,"23":2,"24":1,"25":0,"26":0,"27":0,"28":0,"29":2,"30":2,"31":1,"32":1,"33":1,"34":1,"35":0,"36":0},"f":{"0":6,"1":0,"2":1,"3":3,"4":1,"5":1,"6":0,"7":0,"8":2,"9":0},"b":{"0":[1],"1":[2],"2":[1]}}
,"C:\\codeitproject\\sprint-mission\\part3-장현태-sprint9\\src\\services\\socketService.ts": {"path":"C:\\codeitproject\\sprint-mission\\part3-장현태-sprint9\\src\\services\\socketService.ts","statementMap":{"0":{"start":{"line":1,"column":0},"end":{"line":1,"column":35}},"1":{"start":{"line":3,"column":0},"end":{"line":3,"column":31}},"2":{"start":{"line":6,"column":22},"end":{"line":6,"column":52}},"3":{"start":{"line":13,"column":34},"end":{"line":51,"column":1}},"4":{"start":{"line":14,"column":2},"end":{"line":14,"column":26}},"5":{"start":{"line":15,"column":2},"end":{"line":15,"column":59}},"6":{"start":{"line":17,"column":2},"end":{"line":27,"column":5}},"7":{"start":{"line":18,"column":18},"end":{"line":18,"column":51}},"8":{"start":{"line":20,"column":4},"end":{"line":26,"column":5}},"9":{"start":{"line":21,"column":22},"end":{"line":21,"column":73}},"10":{"start":{"line":22,"column":6},"end":{"line":22,"column":33}},"11":{"start":{"line":23,"column":6},"end":{"line":23,"column":13}},"12":{"start":{"line":25,"column":6},"end":{"line":25,"column":39}},"13":{"start":{"line":29,"column":2},"end":{"line":48,"column":5}},"14":{"start":{"line":30,"column":4},"end":{"line":30,"column":36}},"15":{"start":{"line":31,"column":19},"end":{"line":31,"column":42}},"16":{"start":{"line":32,"column":4},"end":{"line":34,"column":5}},"17":{"start":{"line":33,"column":6},"end":{"line":33,"column":43}},"18":{"start":{"line":35,"column":4},"end":{"line":35,"column":46}},"19":{"start":{"line":37,"column":4},"end":{"line":47,"column":7}},"20":{"start":{"line":38,"column":26},"end":{"line":38,"column":51}},"21":{"start":{"line":39,"column":6},"end":{"line":45,"column":7}},"22":{"start":{"line":41,"column":8},"end":{"line":41,"column":38}},"23":{"start":{"line":42,"column":8},"end":{"line":44,"column":9}},"24":{"start":{"line":43,"column":10},"end":{"line":43,"column":39}},"25":{"start":{"line":46,"column":6},"end":{"line":46,"column":39}},"26":{"start":{"line":50,"column":2},"end":{"line":50,"column":12}},"27":{"start":{"line":13,"column":13},"end":{"line":13,"column":34}},"28":{"start":{"line":53,"column":28},"end":{"line":55,"column":1}},"29":{"start":{"line":54,"column":2},"end":{"line":54,"column":35}},"30":{"start":{"line":57,"column":32},"end":{"line":67,"column":1}},"31":{"start":{"line":61,"column":20},"end":{"line":61,"column":47}},"32":{"start":{"line":62,"column":2},"end":{"line":66,"column":3}},"33":{"start":{"line":63,"column":4},"end":{"line":65,"column":7}},"34":{"start":{"line":64,"column":6},"end":{"line":64,"column":57}},"35":{"start":{"line":57,"column":13},"end":{"line":57,"column":32}}},"fnMap":{"0":{"name":"(anonymous_1)","decl":{"start":{"line":13,"column":34},"end":{"line":13,"column":35}},"loc":{"start":{"line":13,"column":58},"end":{"line":51,"column":1}}},"1":{"name":"(anonymous_2)","decl":{"start":{"line":17,"column":9},"end":{"line":17,"column":10}},"loc":{"start":{"line":17,"column":26},"end":{"line":27,"column":3}}},"2":{"name":"(anonymous_3)","decl":{"start":{"line":29,"column":22},"end":{"line":29,"column":23}},"loc":{"start":{"line":29,"column":33},"end":{"line":48,"column":3}}},"3":{"name":"(anonymous_4)","decl":{"start":{"line":37,"column":28},"end":{"line":37,"column":31}},"loc":{"start":{"line":37,"column":33},"end":{"line":47,"column":5}}},"4":{"name":"(anonymous_5)","decl":{"start":{"line":53,"column":28},"end":{"line":53,"column":29}},"loc":{"start":{"line":53,"column":47},"end":{"line":55,"column":1}}},"5":{"name":"(anonymous_6)","decl":{"start":{"line":57,"column":32},"end":{"line":57,"column":null}},"loc":{"start":{"line":60,"column":4},"end":{"line":67,"column":1}}},"6":{"name":"(anonymous_7)","decl":{"start":{"line":63,"column":22},"end":{"line":63,"column":23}},"loc":{"start":{"line":63,"column":35},"end":{"line":65,"column":5}}}},"branchMap":{"0":{"loc":{"start":{"line":32,"column":4},"end":{"line":34,"column":5}},"type":"if","locations":[{"start":{"line":32,"column":4},"end":{"line":34,"column":5}}]},"1":{"loc":{"start":{"line":39,"column":6},"end":{"line":45,"column":7}},"type":"if","locations":[{"start":{"line":39,"column":6},"end":{"line":45,"column":7}}]},"2":{"loc":{"start":{"line":42,"column":8},"end":{"line":44,"column":9}},"type":"if","locations":[{"start":{"line":42,"column":8},"end":{"line":44,"column":9}}]},"3":{"loc":{"start":{"line":62,"column":2},"end":{"line":66,"column":3}},"type":"if","locations":[{"start":{"line":62,"column":2},"end":{"line":66,"column":3}}]}},"s":{"0":4,"1":4,"2":4,"3":4,"4":0,"5":0,"6":0,"7":0,"8":0,"9":0,"10":0,"11":0,"12":0,"13":0,"14":0,"15":0,"16":0,"17":0,"18":0,"19":0,"20":0,"21":0,"22":0,"23":0,"24":0,"25":0,"26":0,"27":4,"28":4,"29":1,"30":4,"31":1,"32":1,"33":0,"34":0,"35":4},"f":{"0":0,"1":0,"2":0,"3":0,"4":1,"5":1,"6":0},"b":{"0":[0],"1":[0],"2":[0],"3":[0]}}
,"C:\\codeitproject\\sprint-mission\\part3-장현태-sprint9\\src\\services\\userService.ts": {"path":"C:\\codeitproject\\sprint-mission\\part3-장현태-sprint9\\src\\services\\userService.ts","statementMap":{"0":{"start":{"line":7,"column":0},"end":{"line":7,"column":22}},"1":{"start":{"line":26,"column":0},"end":{"line":26,"column":22}},"2":{"start":{"line":31,"column":0},"end":{"line":31,"column":22}},"3":{"start":{"line":42,"column":0},"end":{"line":42,"column":22}},"4":{"start":{"line":53,"column":0},"end":{"line":53,"column":22}},"5":{"start":{"line":75,"column":0},"end":{"line":75,"column":22}},"6":{"start":{"line":92,"column":0},"end":{"line":92,"column":22}},"7":{"start":{"line":101,"column":0},"end":{"line":101,"column":16}},"8":{"start":{"line":119,"column":0},"end":{"line":119,"column":22}},"9":{"start":{"line":129,"column":0},"end":{"line":129,"column":22}},"10":{"start":{"line":1,"column":0},"end":{"line":1,"column":60}},"11":{"start":{"line":2,"column":0},"end":{"line":2,"column":66}},"12":{"start":{"line":3,"column":0},"end":{"line":3,"column":28}},"13":{"start":{"line":4,"column":0},"end":{"line":4,"column":31}},"14":{"start":{"line":8,"column":2},"end":{"line":8,"column":35}},"15":{"start":{"line":12,"column":18},"end":{"line":12,"column":63}},"16":{"start":{"line":14,"column":2},"end":{"line":17,"column":3}},"17":{"start":{"line":15,"column":18},"end":{"line":15,"column":43}},"18":{"start":{"line":16,"column":4},"end":{"line":16,"column":16}},"19":{"start":{"line":21,"column":2},"end":{"line":21,"column":25}},"20":{"start":{"line":21,"column":13},"end":{"line":21,"column":25}},"21":{"start":{"line":22,"column":32},"end":{"line":22,"column":36}},"22":{"start":{"line":22,"column":27},"end":{"line":22,"column":32}},"23":{"start":{"line":23,"column":2},"end":{"line":23,"column":14}},"24":{"start":{"line":27,"column":15},"end":{"line":27,"column":55}},"25":{"start":{"line":28,"column":2},"end":{"line":28,"column":39}},"26":{"start":{"line":32,"column":15},"end":{"line":32,"column":53}},"27":{"start":{"line":34,"column":2},"end":{"line":37,"column":3}},"28":{"start":{"line":35,"column":18},"end":{"line":35,"column":40}},"29":{"start":{"line":36,"column":4},"end":{"line":36,"column":16}},"30":{"start":{"line":38,"column":2},"end":{"line":38,"column":48}},"31":{"start":{"line":39,"column":2},"end":{"line":39,"column":39}},"32":{"start":{"line":43,"column":15},"end":{"line":43,"column":53}},"33":{"start":{"line":45,"column":2},"end":{"line":48,"column":3}},"34":{"start":{"line":46,"column":18},"end":{"line":46,"column":40}},"35":{"start":{"line":47,"column":4},"end":{"line":47,"column":16}},"36":{"start":{"line":50,"column":2},"end":{"line":50,"column":39}},"37":{"start":{"line":58,"column":22},"end":{"line":58,"column":60}},"38":{"start":{"line":60,"column":2},"end":{"line":63,"column":3}},"39":{"start":{"line":61,"column":18},"end":{"line":61,"column":50}},"40":{"start":{"line":62,"column":4},"end":{"line":62,"column":16}},"41":{"start":{"line":65,"column":25},"end":{"line":65,"column":56}},"42":{"start":{"line":66,"column":22},"end":{"line":71,"column":4}},"43":{"start":{"line":72,"column":2},"end":{"line":72,"column":46}},"44":{"start":{"line":83,"column":22},"end":{"line":87,"column":4}},"45":{"start":{"line":88,"column":15},"end":{"line":88,"column":67}},"46":{"start":{"line":89,"column":2},"end":{"line":89,"column":39}},"47":{"start":{"line":93,"column":25},"end":{"line":93,"column":56}},"48":{"start":{"line":94,"column":22},"end":{"line":96,"column":null}},"49":{"start":{"line":98,"column":2},"end":{"line":98,"column":46}},"50":{"start":{"line":105,"column":2},"end":{"line":107,"column":3}},"51":{"start":{"line":106,"column":4},"end":{"line":106,"column":74}},"52":{"start":{"line":109,"column":18},"end":{"line":109,"column":37}},"53":{"start":{"line":110,"column":18},"end":{"line":110,"column":65}},"54":{"start":{"line":111,"column":16},"end":{"line":114,"column":null}},"55":{"start":{"line":116,"column":2},"end":{"line":116,"column":15}},"56":{"start":{"line":120,"column":15},"end":{"line":120,"column":59}},"57":{"start":{"line":121,"column":2},"end":{"line":124,"column":3}},"58":{"start":{"line":122,"column":18},"end":{"line":122,"column":43}},"59":{"start":{"line":123,"column":4},"end":{"line":123,"column":16}},"60":{"start":{"line":125,"column":22},"end":{"line":125,"column":39}},"61":{"start":{"line":126,"column":2},"end":{"line":126,"column":21}},"62":{"start":{"line":130,"column":2},"end":{"line":130,"column":60}}},"fnMap":{"0":{"name":"hashingPassword","decl":{"start":{"line":7,"column":22},"end":{"line":7,"column":37}},"loc":{"start":{"line":7,"column":54},"end":{"line":9,"column":null}}},"1":{"name":"verifyPassword","decl":{"start":{"line":11,"column":15},"end":{"line":11,"column":29}},"loc":{"start":{"line":11,"column":69},"end":{"line":18,"column":null}}},"2":{"name":"filterSensitiveUserData","decl":{"start":{"line":20,"column":9},"end":{"line":20,"column":32}},"loc":{"start":{"line":20,"column":50},"end":{"line":24,"column":1}}},"3":{"name":"fetchUser","decl":{"start":{"line":26,"column":22},"end":{"line":26,"column":31}},"loc":{"start":{"line":26,"column":42},"end":{"line":29,"column":null}}},"4":{"name":"checkUserPassword","decl":{"start":{"line":31,"column":22},"end":{"line":31,"column":39}},"loc":{"start":{"line":31,"column":71},"end":{"line":40,"column":null}}},"5":{"name":"getUserByEmail","decl":{"start":{"line":42,"column":22},"end":{"line":42,"column":36}},"loc":{"start":{"line":42,"column":50},"end":{"line":51,"column":null}}},"6":{"name":"createNewUser","decl":{"start":{"line":53,"column":22},"end":{"line":53,"column":35}},"loc":{"start":{"line":56,"column":18},"end":{"line":73,"column":null}}},"7":{"name":"updateUserById","decl":{"start":{"line":75,"column":22},"end":{"line":75,"column":36}},"loc":{"start":{"line":81,"column":3},"end":{"line":90,"column":null}}},"8":{"name":"changeUserPassword","decl":{"start":{"line":92,"column":22},"end":{"line":92,"column":40}},"loc":{"start":{"line":92,"column":69},"end":{"line":99,"column":null}}},"9":{"name":"createToken","decl":{"start":{"line":101,"column":16},"end":{"line":101,"column":27}},"loc":{"start":{"line":103,"column":25},"end":{"line":117,"column":1}}},"10":{"name":"refreshAccessToken","decl":{"start":{"line":119,"column":22},"end":{"line":119,"column":40}},"loc":{"start":{"line":119,"column":77},"end":{"line":127,"column":null}}},"11":{"name":"fetchLikedProduct","decl":{"start":{"line":129,"column":22},"end":{"line":129,"column":39}},"loc":{"start":{"line":129,"column":54},"end":{"line":131,"column":null}}}},"branchMap":{"0":{"loc":{"start":{"line":14,"column":2},"end":{"line":17,"column":3}},"type":"if","locations":[{"start":{"line":14,"column":2},"end":{"line":17,"column":3}}]},"1":{"loc":{"start":{"line":21,"column":2},"end":{"line":21,"column":25}},"type":"if","locations":[{"start":{"line":21,"column":2},"end":{"line":21,"column":25}}]},"2":{"loc":{"start":{"line":34,"column":2},"end":{"line":37,"column":3}},"type":"if","locations":[{"start":{"line":34,"column":2},"end":{"line":37,"column":3}}]},"3":{"loc":{"start":{"line":45,"column":2},"end":{"line":48,"column":3}},"type":"if","locations":[{"start":{"line":45,"column":2},"end":{"line":48,"column":3}}]},"4":{"loc":{"start":{"line":60,"column":2},"end":{"line":63,"column":3}},"type":"if","locations":[{"start":{"line":60,"column":2},"end":{"line":63,"column":3}}]},"5":{"loc":{"start":{"line":103,"column":2},"end":{"line":103,"column":25}},"type":"default-arg","locations":[{"start":{"line":103,"column":17},"end":{"line":103,"column":25}}]},"6":{"loc":{"start":{"line":105,"column":2},"end":{"line":107,"column":3}},"type":"if","locations":[{"start":{"line":105,"column":2},"end":{"line":107,"column":3}}]},"7":{"loc":{"start":{"line":110,"column":31},"end":{"line":110,"column":63}},"type":"cond-expr","locations":[{"start":{"line":110,"column":52},"end":{"line":110,"column":56}},{"start":{"line":110,"column":59},"end":{"line":110,"column":63}}]},"8":{"loc":{"start":{"line":121,"column":2},"end":{"line":124,"column":3}},"type":"if","locations":[{"start":{"line":121,"column":2},"end":{"line":124,"column":3}}]},"9":{"loc":{"start":{"line":121,"column":6},"end":{"line":121,"column":49}},"type":"binary-expr","locations":[{"start":{"line":121,"column":6},"end":{"line":121,"column":11}},{"start":{"line":121,"column":15},"end":{"line":121,"column":49}}]}},"s":{"0":3,"1":3,"2":3,"3":3,"4":3,"5":3,"6":3,"7":3,"8":3,"9":3,"10":3,"11":3,"12":3,"13":3,"14":4,"15":2,"16":2,"17":0,"18":0,"19":5,"20":0,"21":5,"22":5,"23":5,"24":0,"25":0,"26":2,"27":2,"28":0,"29":0,"30":2,"31":2,"32":0,"33":0,"34":0,"35":0,"36":0,"37":2,"38":2,"39":1,"40":1,"41":1,"42":1,"43":1,"44":2,"45":2,"46":2,"47":0,"48":0,"49":0,"50":4,"51":0,"52":4,"53":4,"54":4,"55":4,"56":0,"57":0,"58":0,"59":0,"60":0,"61":0,"62":0},"f":{"0":4,"1":2,"2":5,"3":0,"4":2,"5":0,"6":2,"7":2,"8":0,"9":4,"10":0,"11":0},"b":{"0":[0],"1":[0],"2":[0],"3":[0],"4":[1],"5":[2],"6":[0],"7":[2,2],"8":[0],"9":[0,0]}}
}
