TN:
SF:src\app.ts
FNF:0
FNH:0
DA:1,3
DA:2,3
DA:3,3
DA:4,3
DA:5,3
DA:6,3
DA:7,3
DA:8,3
DA:9,3
DA:11,3
DA:12,3
DA:14,3
DA:15,3
DA:16,3
DA:18,3
DA:19,3
DA:20,3
DA:21,3
DA:22,3
DA:24,3
DA:26,3
LF:21
LH:21
BRF:0
BRH:0
end_of_record
TN:
SF:src\config\prisma.ts
FNF:0
FNH:0
DA:1,4
DA:3,4
DA:5,4
LF:3
LH:3
BRF:0
BRH:0
end_of_record
TN:
SF:src\config\requestValidation.ts
FNF:0
FNH:0
DA:1,3
DA:3,3
DA:8,3
LF:3
LH:3
BRF:0
BRH:0
end_of_record
TN:
SF:src\controllers\articleController.ts
FN:14,(anonymous_7)
FN:25,(anonymous_9)
FN:30,(anonymous_11)
FN:36,(anonymous_13)
FN:41,(anonymous_15)
FN:46,(anonymous_17)
FN:51,(anonymous_19)
FNF:7
FNH:5
FNDA:5,(anonymous_7)
FNDA:1,(anonymous_9)
FNDA:1,(anonymous_11)
FNDA:1,(anonymous_13)
FNDA:1,(anonymous_15)
FNDA:0,(anonymous_17)
FNDA:0,(anonymous_19)
DA:1,3
DA:10,3
DA:11,3
DA:14,3
DA:15,5
DA:21,5
DA:22,5
DA:25,3
DA:26,1
DA:27,1
DA:30,3
DA:31,1
DA:32,1
DA:33,1
DA:36,3
DA:37,1
DA:38,1
DA:41,3
DA:42,1
DA:43,1
DA:46,3
DA:47,0
DA:48,0
DA:51,3
DA:56,0
DA:57,0
LF:26
LH:22
BRDA:16,0,0,1
BRDA:16,0,1,4
BRDA:16,1,0,5
BRDA:16,1,1,5
BRDA:17,2,0,2
BRDA:17,2,1,3
BRDA:17,3,0,5
BRDA:17,3,1,5
BRDA:18,4,0,2
BRDA:18,4,1,3
BRDA:18,5,0,5
BRDA:18,5,1,5
BRDA:19,6,0,1
BRDA:19,6,1,4
BRDA:19,7,0,5
BRDA:19,7,1,5
BRF:16
BRH:16
end_of_record
TN:
SF:src\controllers\commentController.ts
FN:10,(anonymous_7)
FN:15,(anonymous_9)
FN:28,(anonymous_11)
FN:38,(anonymous_13)
FN:43,(anonymous_15)
FNF:5
FNH:0
FNDA:0,(anonymous_7)
FNDA:0,(anonymous_9)
FNDA:0,(anonymous_11)
FNDA:0,(anonymous_13)
FNDA:0,(anonymous_15)
DA:1,3
DA:10,3
DA:11,0
DA:12,0
DA:15,3
DA:20,0
DA:21,0
DA:25,0
DA:28,3
DA:33,0
DA:34,0
DA:35,0
DA:38,3
DA:39,0
DA:40,0
DA:43,3
DA:44,0
DA:45,0
LF:18
LH:6
BRF:0
BRH:0
end_of_record
TN:
SF:src\controllers\notificationController.ts
FN:8,(anonymous_7)
FN:17,(anonymous_9)
FN:25,(anonymous_11)
FNF:3
FNH:0
FNDA:0,(anonymous_7)
FNDA:0,(anonymous_9)
FNDA:0,(anonymous_11)
DA:2,3
DA:8,3
DA:13,0
DA:14,0
DA:17,3
DA:22,0
DA:23,0
DA:25,3
DA:30,0
DA:31,0
DA:32,0
LF:11
LH:4
BRF:0
BRH:0
end_of_record
TN:
SF:src\controllers\productController.ts
FN:16,(anonymous_7)
FN:27,(anonymous_9)
FN:34,(anonymous_11)
FN:44,(anonymous_13)
FN:50,(anonymous_15)
FN:56,(anonymous_17)
FN:61,(anonymous_19)
FN:70,(anonymous_21)
FN:70,(anonymous_22)
FNF:9
FNH:4
FNDA:6,(anonymous_7)
FNDA:0,(anonymous_9)
FNDA:1,(anonymous_11)
FNDA:1,(anonymous_13)
FNDA:1,(anonymous_15)
FNDA:0,(anonymous_17)
FNDA:0,(anonymous_19)
FNDA:0,(anonymous_21)
FNDA:0,(anonymous_22)
DA:1,3
DA:12,3
DA:13,3
DA:16,3
DA:17,6
DA:23,6
DA:24,6
DA:27,3
DA:28,0
DA:29,0
DA:30,0
DA:31,0
DA:34,3
DA:35,1
DA:37,1
DA:41,1
DA:44,3
DA:45,1
DA:46,1
DA:47,1
DA:50,3
DA:51,1
DA:52,1
DA:53,1
DA:56,3
DA:57,0
DA:58,0
DA:61,3
DA:66,0
DA:67,0
DA:70,3
DA:71,0
DA:72,0
LF:33
LH:23
BRDA:18,0,0,1
BRDA:18,0,1,5
BRDA:18,1,0,6
BRDA:18,1,1,6
BRDA:19,2,0,2
BRDA:19,2,1,4
BRDA:19,3,0,6
BRDA:19,3,1,6
BRDA:20,4,0,3
BRDA:20,4,1,3
BRDA:20,5,0,6
BRDA:20,5,1,6
BRDA:21,6,0,1
BRDA:21,6,1,5
BRDA:21,7,0,6
BRDA:21,7,1,6
BRF:16
BRH:16
end_of_record
TN:
SF:src\controllers\userController.ts
FN:13,(anonymous_7)
FN:13,(anonymous_8)
FN:18,(anonymous_9)
FN:18,(anonymous_10)
FN:37,(anonymous_11)
FN:37,(anonymous_12)
FN:43,(anonymous_13)
FN:43,(anonymous_14)
FN:48,(anonymous_15)
FN:48,(anonymous_16)
FN:56,(anonymous_17)
FN:60,(anonymous_18)
FN:68,(anonymous_19)
FN:68,(anonymous_20)
FNF:14
FNH:4
FNDA:0,(anonymous_7)
FNDA:0,(anonymous_8)
FNDA:2,(anonymous_9)
FNDA:2,(anonymous_10)
FNDA:2,(anonymous_11)
FNDA:2,(anonymous_12)
FNDA:0,(anonymous_13)
FNDA:0,(anonymous_14)
FNDA:0,(anonymous_15)
FNDA:0,(anonymous_16)
FNDA:0,(anonymous_17)
FNDA:0,(anonymous_18)
FNDA:0,(anonymous_19)
FNDA:0,(anonymous_20)
DA:1,3
DA:13,3
DA:14,0
DA:15,0
DA:18,3
DA:19,2
DA:21,2
DA:22,0
DA:25,2
DA:26,2
DA:27,2
DA:28,2
DA:34,2
DA:37,3
DA:38,2
DA:39,2
DA:40,1
DA:43,3
DA:44,0
DA:45,0
DA:48,3
DA:49,0
DA:53,0
DA:56,3
DA:60,0
DA:61,0
DA:65,0
DA:68,3
DA:69,0
DA:70,0
LF:30
LH:18
BRDA:21,0,0,0
BRF:1
BRH:0
end_of_record
TN:
SF:src\middleware\asyncHandler.ts
FN:3,asyncHandler
FN:10,(anonymous_8)
FN:10,(anonymous_9)
FNF:3
FNH:3
FNDA:90,asyncHandler
FNDA:22,(anonymous_8)
FNDA:22,(anonymous_9)
DA:3,3
DA:10,90
DA:11,22
DA:12,22
DA:14,1
LF:5
LH:5
BRF:0
BRH:0
end_of_record
TN:
SF:src\middleware\errorHandler.ts
FN:3,(anonymous_7)
FNF:1
FNH:1
FNDA:1,(anonymous_7)
DA:3,3
DA:9,1
DA:10,1
DA:11,1
DA:12,1
DA:13,1
DA:14,1
LF:7
LH:7
BRDA:12,0,0,0
BRDA:12,0,1,1
BRDA:12,1,0,1
BRDA:12,1,1,1
BRDA:12,2,0,0
BRDA:12,2,1,1
BRDA:12,3,0,1
BRDA:12,3,1,1
BRDA:17,4,0,1
BRDA:17,4,1,0
BRDA:17,5,0,1
BRDA:17,5,1,1
BRDA:18,6,0,0
BRDA:18,6,1,1
BRDA:18,7,0,1
BRDA:18,7,1,1
BRF:16
BRH:12
end_of_record
TN:
SF:src\middleware\jwtAuth.ts
FN:22,(anonymous_8)
FN:25,(anonymous_9)
FN:51,(anonymous_11)
FN:76,(anonymous_13)
FNF:4
FNH:2
FNDA:0,(anonymous_8)
FNDA:2,(anonymous_9)
FNDA:2,(anonymous_11)
FNDA:0,(anonymous_13)
DA:1,3
DA:2,3
DA:3,3
DA:4,3
DA:7,3
DA:9,3
DA:10,0
DA:13,3
DA:19,3
DA:22,0
DA:25,3
DA:30,2
DA:31,2
DA:32,2
DA:33,2
DA:35,2
DA:36,0
DA:37,0
DA:40,2
DA:41,0
DA:42,0
DA:45,2
DA:47,0
DA:51,3
DA:56,2
DA:57,2
DA:58,2
DA:59,2
DA:60,2
DA:61,0
DA:62,0
DA:65,2
DA:66,0
DA:67,0
DA:70,2
DA:72,0
DA:76,3
DA:81,0
DA:82,0
DA:83,0
DA:84,0
DA:86,0
DA:87,0
DA:88,0
DA:91,0
DA:92,0
DA:93,0
DA:96,0
DA:98,0
LF:49
LH:25
BRDA:9,0,0,0
BRDA:31,1,0,0
BRDA:31,1,1,2
BRDA:31,2,0,2
BRDA:31,2,1,2
BRDA:35,3,0,0
BRDA:40,4,0,0
BRDA:57,5,0,0
BRDA:57,5,1,2
BRDA:57,6,0,2
BRDA:57,6,1,2
BRDA:60,7,0,0
BRDA:65,8,0,0
BRDA:82,9,0,0
BRDA:82,9,1,0
BRDA:82,10,0,0
BRDA:82,10,1,0
BRDA:86,11,0,0
BRDA:91,12,0,0
BRF:19
BRH:6
end_of_record
TN:
SF:src\repositories\articleRepository.ts
FN:5,getAll
FN:53,getById
FN:61,getArticleAuthorIdByArticleId
FN:73,save
FN:93,update
FN:111,deleteById
FN:119,getAllLikedProduct
FNF:7
FNH:5
FNDA:5,getAll
FNDA:3,getById
FNDA:0,getArticleAuthorIdByArticleId
FNDA:1,save
FNDA:1,update
FNDA:1,deleteById
FNDA:0,getAllLikedProduct
DA:2,3
DA:11,5
DA:15,5
DA:16,5
DA:18,2
DA:21,2
DA:23,3
DA:26,3
DA:29,5
DA:54,3
DA:62,0
DA:70,0
DA:80,1
DA:100,1
DA:112,1
DA:120,0
DA:131,3
LF:17
LH:14
BRDA:11,0,0,0
BRDA:11,1,0,0
BRDA:11,2,0,0
BRDA:11,3,0,0
BRDA:16,4,0,2
BRDA:16,4,1,3
BRF:6
BRH:2
end_of_record
TN:
SF:src\repositories\commentRepository.ts
FN:3,getMany
FN:7,getById
FN:13,save
FN:41,update
FN:48,deleteById
FNF:5
FNH:0
FNDA:0,getMany
FNDA:0,getById
FNDA:0,save
FNDA:0,update
FNDA:0,deleteById
DA:1,3
DA:4,0
DA:8,0
DA:29,0
DA:42,0
DA:49,0
DA:54,3
LF:7
LH:2
BRF:0
BRH:0
end_of_record
TN:
SF:src\repositories\likeRepository.ts
FN:3,saveProductLike
FN:20,saveArticleLike
FN:37,deleteArticleLike
FN:44,deleteProductLike
FNF:4
FNH:0
FNDA:0,saveProductLike
FNDA:0,saveArticleLike
FNDA:0,deleteArticleLike
FNDA:0,deleteProductLike
DA:1,4
DA:4,0
DA:21,0
DA:38,0
DA:45,0
DA:52,4
LF:6
LH:2
BRF:0
BRH:0
end_of_record
TN:
SF:src\repositories\notificationRepository.ts
FN:3,save
FN:13,getAllbyUserId
FN:24,getCountUnreadNotifications
FN:33,update
FNF:4
FNH:0
FNDA:0,save
FNDA:0,getAllbyUserId
FNDA:0,getCountUnreadNotifications
FNDA:0,update
DA:1,3
DA:4,0
DA:14,0
DA:25,0
DA:34,0
DA:45,3
LF:6
LH:2
BRF:0
BRH:0
end_of_record
TN:
SF:src\repositories\productRepository.ts
FN:3,getAll
FN:51,getById
FN:59,save
FN:83,update
FN:111,deleteById
FN:119,getByUserId
FN:127,getAllLikedProduct
FNF:7
FNH:5
FNDA:6,getAll
FNDA:3,getById
FNDA:1,save
FNDA:1,update
FNDA:1,deleteById
FNDA:0,getByUserId
FNDA:0,getAllLikedProduct
DA:1,4
DA:9,6
DA:13,6
DA:14,6
DA:16,3
DA:19,3
DA:21,3
DA:24,3
DA:27,6
DA:52,3
DA:68,1
DA:92,1
DA:112,1
DA:120,0
DA:128,0
DA:139,4
LF:16
LH:14
BRDA:9,0,0,0
BRDA:9,1,0,0
BRDA:9,2,0,0
BRDA:9,3,0,0
BRDA:14,4,0,3
BRDA:14,4,1,3
BRF:6
BRH:2
end_of_record
TN:
SF:src\repositories\userRepository.ts
FN:4,getById
FN:12,getByEmail
FN:20,save
FN:36,update
FN:52,changePassword
FN:63,deleteById
FNF:6
FNH:3
FNDA:0,getById
FNDA:4,getByEmail
FNDA:1,save
FNDA:2,update
FNDA:0,changePassword
FNDA:0,deleteById
DA:2,3
DA:5,0
DA:13,4
DA:26,1
DA:44,2
DA:53,0
DA:64,0
DA:71,3
LF:8
LH:5
BRF:0
BRH:0
end_of_record
TN:
SF:src\routers\articleRouter.ts
FNF:0
FNH:0
DA:1,3
DA:2,3
DA:11,3
DA:12,3
DA:14,3
DA:16,3
DA:21,3
DA:27,3
DA:31,3
LF:9
LH:9
BRF:0
BRH:0
end_of_record
TN:
SF:src\routers\commentRouter.ts
FNF:0
FNH:0
DA:1,3
DA:2,3
DA:9,3
DA:10,3
DA:12,3
DA:13,3
DA:15,3
DA:19,3
DA:22,3
DA:26,3
LF:10
LH:10
BRF:0
BRH:0
end_of_record
TN:
SF:src\routers\notificationRouter.ts
FNF:0
FNH:0
DA:1,3
DA:2,3
DA:7,3
DA:8,3
DA:10,3
DA:12,3
DA:13,3
DA:18,3
DA:24,3
LF:9
LH:9
BRF:0
BRH:0
end_of_record
TN:
SF:src\routers\productRouter.ts
FNF:0
FNH:0
DA:1,3
DA:2,3
DA:11,3
DA:12,3
DA:14,3
DA:16,3
DA:21,3
DA:27,3
DA:31,3
LF:9
LH:9
BRF:0
BRH:0
end_of_record
TN:
SF:src\routers\userRouter.ts
FNF:0
FNH:0
DA:1,3
DA:2,3
DA:11,3
DA:12,3
DA:13,3
DA:15,3
DA:17,3
DA:23,3
DA:24,3
DA:27,3
DA:30,3
DA:37,3
DA:39,3
LF:13
LH:13
BRF:0
BRH:0
end_of_record
TN:
SF:src\services\articleService.ts
FN:5,fetchArticles
FN:14,getArticleById
FN:18,createNewArticle
FN:28,updateArticleById
FN:38,removeArticleById
FN:42,addArticleLike
FN:47,cancelArticleLike
FNF:7
FNH:5
FNDA:5,fetchArticles
FNDA:1,getArticleById
FNDA:1,createNewArticle
FNDA:1,updateArticleById
FNDA:1,removeArticleById
FNDA:0,addArticleLike
FNDA:0,cancelArticleLike
DA:2,3
DA:3,3
DA:5,3
DA:11,5
DA:14,3
DA:15,1
DA:18,3
DA:25,1
DA:28,3
DA:35,1
DA:38,3
DA:39,1
DA:42,3
DA:43,0
DA:44,0
DA:47,3
DA:48,0
DA:49,0
LF:18
LH:14
BRF:0
BRH:0
end_of_record
TN:
SF:src\services\commentService.ts
FN:6,fetchComments
FN:10,addCommentToArticle
FN:43,addCommentToProduct
FN:61,updateCommentById
FN:68,removeCommentById
FNF:5
FNH:0
FNDA:0,fetchComments
FNDA:0,addCommentToArticle
FNDA:0,addCommentToProduct
FNDA:0,updateCommentById
FNDA:0,removeCommentById
DA:1,3
DA:2,3
DA:3,3
DA:4,3
DA:6,3
DA:7,0
DA:10,3
DA:17,0
DA:25,0
DA:29,0
DA:32,0
DA:34,0
DA:36,0
DA:40,0
DA:43,3
DA:50,0
DA:58,0
DA:61,3
DA:65,0
DA:68,3
DA:69,0
LF:21
LH:9
BRDA:32,0,0,0
BRF:1
BRH:0
end_of_record
TN:
SF:src\services\notificationService.ts
FN:3,createNotification
FN:7,getNotificationList
FN:11,getNumUnreadNotifications
FN:14,markAsRead
FNF:4
FNH:0
FNDA:0,createNotification
FNDA:0,getNotificationList
FNDA:0,getNumUnreadNotifications
FNDA:0,markAsRead
DA:1,3
DA:3,3
DA:4,0
DA:7,3
DA:8,0
DA:11,3
DA:12,0
DA:14,3
DA:15,0
LF:9
LH:5
BRF:0
BRH:0
end_of_record
TN:
SF:src\services\productService.ts
FN:5,fetchProducts
FN:14,getProductById
FN:18,createNewProduct
FN:30,updateProductById
FN:54,(anonymous_16)
FN:64,removeProductById
FN:68,addProductLike
FN:73,cancelProductLike
FN:78,checkIsLikedByUser
FN:87,getProductsByUserId
FNF:10
FNH:6
FNDA:6,fetchProducts
FNDA:0,getProductById
FNDA:1,createNewProduct
FNDA:3,updateProductById
FNDA:1,(anonymous_16)
FNDA:1,removeProductById
FNDA:0,addProductLike
FNDA:0,cancelProductLike
FNDA:2,checkIsLikedByUser
FNDA:0,getProductsByUserId
DA:1,4
DA:2,4
DA:3,4
DA:5,4
DA:11,6
DA:14,4
DA:15,0
DA:18,4
DA:27,1
DA:30,4
DA:39,3
DA:40,3
DA:41,1
DA:44,2
DA:51,2
DA:53,2
DA:54,2
DA:55,1
DA:61,2
DA:64,4
DA:65,1
DA:68,4
DA:69,0
DA:70,0
DA:73,4
DA:74,0
DA:75,0
DA:78,4
DA:79,2
DA:80,2
DA:81,1
DA:82,1
DA:84,1
DA:87,4
DA:88,0
DA:89,0
LF:36
LH:29
BRDA:40,0,0,1
BRDA:53,1,0,2
BRDA:82,2,0,1
BRF:3
BRH:3
end_of_record
TN:
SF:src\services\socketService.ts
FN:13,(anonymous_1)
FN:17,(anonymous_2)
FN:29,(anonymous_3)
FN:37,(anonymous_4)
FN:53,(anonymous_5)
FN:57,(anonymous_6)
FN:63,(anonymous_7)
FNF:7
FNH:2
FNDA:0,(anonymous_1)
FNDA:0,(anonymous_2)
FNDA:0,(anonymous_3)
FNDA:0,(anonymous_4)
FNDA:1,(anonymous_5)
FNDA:1,(anonymous_6)
FNDA:0,(anonymous_7)
DA:1,4
DA:3,4
DA:6,4
DA:13,4
DA:14,0
DA:15,0
DA:17,0
DA:18,0
DA:20,0
DA:21,0
DA:22,0
DA:23,0
DA:25,0
DA:29,0
DA:30,0
DA:31,0
DA:32,0
DA:33,0
DA:35,0
DA:37,0
DA:38,0
DA:39,0
DA:41,0
DA:42,0
DA:43,0
DA:46,0
DA:50,0
DA:53,4
DA:54,1
DA:57,4
DA:61,1
DA:62,1
DA:63,0
DA:64,0
LF:34
LH:9
BRDA:32,0,0,0
BRDA:39,1,0,0
BRDA:42,2,0,0
BRDA:62,3,0,0
BRF:4
BRH:0
end_of_record
TN:
SF:src\services\userService.ts
FN:7,hashingPassword
FN:11,verifyPassword
FN:20,filterSensitiveUserData
FN:26,fetchUser
FN:31,checkUserPassword
FN:42,getUserByEmail
FN:53,createNewUser
FN:75,updateUserById
FN:92,changeUserPassword
FN:101,createToken
FN:119,refreshAccessToken
FN:129,fetchLikedProduct
FNF:12
FNH:7
FNDA:4,hashingPassword
FNDA:2,verifyPassword
FNDA:5,filterSensitiveUserData
FNDA:0,fetchUser
FNDA:2,checkUserPassword
FNDA:0,getUserByEmail
FNDA:2,createNewUser
FNDA:2,updateUserById
FNDA:0,changeUserPassword
FNDA:4,createToken
FNDA:0,refreshAccessToken
FNDA:0,fetchLikedProduct
DA:1,3
DA:2,3
DA:3,3
DA:4,3
DA:7,3
DA:8,4
DA:12,2
DA:14,2
DA:15,0
DA:16,0
DA:21,5
DA:22,5
DA:23,5
DA:26,3
DA:27,0
DA:28,0
DA:31,3
DA:32,2
DA:34,2
DA:35,0
DA:36,0
DA:38,2
DA:39,2
DA:42,3
DA:43,0
DA:45,0
DA:46,0
DA:47,0
DA:50,0
DA:53,3
DA:58,2
DA:60,2
DA:61,1
DA:62,1
DA:65,1
DA:66,1
DA:72,1
DA:75,3
DA:83,2
DA:88,2
DA:89,2
DA:92,3
DA:93,0
DA:94,0
DA:98,0
DA:101,3
DA:105,4
DA:106,0
DA:109,4
DA:110,4
DA:111,4
DA:116,4
DA:119,3
DA:120,0
DA:121,0
DA:122,0
DA:123,0
DA:125,0
DA:126,0
DA:129,3
DA:130,0
LF:61
LH:39
BRDA:14,0,0,0
BRDA:21,1,0,0
BRDA:34,2,0,0
BRDA:45,3,0,0
BRDA:60,4,0,1
BRDA:103,5,0,2
BRDA:105,6,0,0
BRDA:110,7,0,2
BRDA:110,7,1,2
BRDA:121,8,0,0
BRDA:121,9,0,0
BRDA:121,9,1,0
BRF:12
BRH:4
end_of_record
